;  LST file generated by mikroListExporter - v.2.0 
; Date/Time: 6/4/2023 2:59:54 AM
;----------------------------------------------

;Address Opcode 	ASM
0x0000	0x2B6B      	GOTO       875
_interrupt:
0x0004	0x00FF      	MOVWF      R15
0x0005	0x0E03      	SWAPF      STATUS, 0
0x0006	0x0183      	CLRF       STATUS
0x0007	0x1683      	BSF        STATUS, 5
0x0008	0x00B3      	MOVWF      ___saveSTATUS
0x0009	0x080A      	MOVF       PCLATH, 0
0x000A	0x00B4      	MOVWF      ___savePCLATH
0x000B	0x018A      	CLRF       PCLATH
;Fire_alarm.c,49 :: 		void interrupt(){
;Fire_alarm.c,50 :: 		flag = 1;
0x000C	0x3001      	MOVLW      1
0x000D	0x1283      	BCF        STATUS, 5
0x000E	0x00B0      	MOVWF      _flag
;Fire_alarm.c,51 :: 		INTCON = INTCON & 0XFD;
0x000F	0x30FD      	MOVLW      253
0x0010	0x058B      	ANDWF      INTCON, 1
;Fire_alarm.c,53 :: 		}
L_end_interrupt:
L__interrupt29:
0x0011	0x1683      	BSF        STATUS, 5
0x0012	0x0834      	MOVF       ___savePCLATH, 0
0x0013	0x008A      	MOVWF      PCLATH
0x0014	0x0E33      	SWAPF      ___saveSTATUS, 0
0x0015	0x0083      	MOVWF      STATUS
0x0016	0x0EFF      	SWAPF      R15, 1
0x0017	0x0E7F      	SWAPF      R15, 0
0x0018	0x0009      	RETFIE
; end of _interrupt
_MSdelay:
;Fire_alarm.c,238 :: 		void MSdelay(unsigned int val)
;Fire_alarm.c,240 :: 		for(i=0;i<val;i++)
0x0019	0x1683      	BSF        STATUS, 5
0x001A	0x1303      	BCF        STATUS, 6
0x001B	0x01A7      	CLRF       _i
0x001C	0x01A8      	CLRF       _i+1
L_MSdelay18:
0x001D	0x083D      	MOVF       FARG_MSdelay_val+1, 0
0x001E	0x0228      	SUBWF      _i+1, 0
0x001F	0x1D03      	BTFSS      STATUS, 2
0x0020	0x2823      	GOTO       L__MSdelay38
0x0021	0x083C      	MOVF       FARG_MSdelay_val, 0
0x0022	0x0227      	SUBWF      _i, 0
L__MSdelay38:
0x0023	0x1803      	BTFSC      STATUS, 0
0x0024	0x2839      	GOTO       L_MSdelay19
;Fire_alarm.c,241 :: 		for(j=0;j<165;j++);  /*This count Provide delay of 1 ms for 8MHz Frequency */
0x0025	0x1283      	BCF        STATUS, 5
0x0026	0x01EE      	CLRF       _j
0x0027	0x01EF      	CLRF       _j+1
L_MSdelay21:
0x0028	0x3000      	MOVLW      0
0x0029	0x026F      	SUBWF      _j+1, 0
0x002A	0x1D03      	BTFSS      STATUS, 2
0x002B	0x282E      	GOTO       L__MSdelay39
0x002C	0x30A5      	MOVLW      165
0x002D	0x026E      	SUBWF      _j, 0
L__MSdelay39:
0x002E	0x1803      	BTFSC      STATUS, 0
0x002F	0x2834      	GOTO       L_MSdelay22
0x0030	0x0AEE      	INCF       _j, 1
0x0031	0x1903      	BTFSC      STATUS, 2
0x0032	0x0AEF      	INCF       _j+1, 1
0x0033	0x2828      	GOTO       L_MSdelay21
L_MSdelay22:
;Fire_alarm.c,240 :: 		for(i=0;i<val;i++)
0x0034	0x1683      	BSF        STATUS, 5
0x0035	0x0AA7      	INCF       _i, 1
0x0036	0x1903      	BTFSC      STATUS, 2
0x0037	0x0AA8      	INCF       _i+1, 1
;Fire_alarm.c,241 :: 		for(j=0;j<165;j++);  /*This count Provide delay of 1 ms for 8MHz Frequency */
0x0038	0x281D      	GOTO       L_MSdelay18
L_MSdelay19:
;Fire_alarm.c,242 :: 		}
L_end_MSdelay:
0x0039	0x0008      	RETURN
; end of _MSdelay
_LCD_Char:
;Fire_alarm.c,214 :: 		void LCD_Char (unsigned char chardata) /* LCD data write function */
;Fire_alarm.c,216 :: 		ldata = (ldata & 0x0f) | (0xF0 & chardata);  //Send higher nibble of data first to PORT/
0x003A	0x300F      	MOVLW      15
0x003B	0x1283      	BCF        STATUS, 5
0x003C	0x1303      	BCF        STATUS, 6
0x003D	0x0508      	ANDWF      PORTD, 0
0x003E	0x00F1      	MOVWF      R1
0x003F	0x30F0      	MOVLW      240
0x0040	0x1683      	BSF        STATUS, 5
0x0041	0x053B      	ANDWF      FARG_LCD_Char_chardata, 0
0x0042	0x00F0      	MOVWF      R0
0x0043	0x0870      	MOVF       R0, 0
0x0044	0x0471      	IORWF      R1, 0
0x0045	0x1283      	BCF        STATUS, 5
0x0046	0x0088      	MOVWF      PORTD
;Fire_alarm.c,217 :: 		RS = 1;  //Data Register is selected/
0x0047	0x1408      	BSF        RD0_bit, BitPos(RD0_bit+0)
;Fire_alarm.c,218 :: 		EN = 1;  //High-to-low pulse on Enable pin to latch data/
0x0048	0x1488      	BSF        RD1_bit, BitPos(RD1_bit+0)
;Fire_alarm.c,219 :: 		asm NOP;
0x0049	0x0000      	NOP
;Fire_alarm.c,220 :: 		EN = 0;
0x004A	0x1088      	BCF        RD1_bit, BitPos(RD1_bit+0)
;Fire_alarm.c,221 :: 		MSdelay(1);
0x004B	0x3001      	MOVLW      1
0x004C	0x1683      	BSF        STATUS, 5
0x004D	0x00BC      	MOVWF      FARG_MSdelay_val
0x004E	0x3000      	MOVLW      0
0x004F	0x00BD      	MOVWF      FARG_MSdelay_val+1
0x0050	0x2019      	CALL       _MSdelay
;Fire_alarm.c,222 :: 		ldata = (ldata & 0x0f) | (chardata<<4);  //Send lower nibble of data to PORT/
0x0051	0x300F      	MOVLW      15
0x0052	0x1283      	BCF        STATUS, 5
0x0053	0x0508      	ANDWF      PORTD, 0
0x0054	0x00F2      	MOVWF      R2
0x0055	0x1683      	BSF        STATUS, 5
0x0056	0x083B      	MOVF       FARG_LCD_Char_chardata, 0
0x0057	0x00F0      	MOVWF      R0
0x0058	0x0DF0      	RLF        R0, 1
0x0059	0x1070      	BCF        R0, 0
0x005A	0x0DF0      	RLF        R0, 1
0x005B	0x1070      	BCF        R0, 0
0x005C	0x0DF0      	RLF        R0, 1
0x005D	0x1070      	BCF        R0, 0
0x005E	0x0DF0      	RLF        R0, 1
0x005F	0x1070      	BCF        R0, 0
0x0060	0x0870      	MOVF       R0, 0
0x0061	0x0472      	IORWF      R2, 0
0x0062	0x1283      	BCF        STATUS, 5
0x0063	0x0088      	MOVWF      PORTD
;Fire_alarm.c,223 :: 		EN = 1;  //High-to-low pulse on Enable pin to latch data/
0x0064	0x1488      	BSF        RD1_bit, BitPos(RD1_bit+0)
;Fire_alarm.c,224 :: 		asm NOP;
0x0065	0x0000      	NOP
;Fire_alarm.c,225 :: 		EN = 0;
0x0066	0x1088      	BCF        RD1_bit, BitPos(RD1_bit+0)
;Fire_alarm.c,226 :: 		MSdelay(3);
0x0067	0x3003      	MOVLW      3
0x0068	0x1683      	BSF        STATUS, 5
0x0069	0x00BC      	MOVWF      FARG_MSdelay_val
0x006A	0x3000      	MOVLW      0
0x006B	0x00BD      	MOVWF      FARG_MSdelay_val+1
0x006C	0x2019      	CALL       _MSdelay
;Fire_alarm.c,227 :: 		}
L_end_LCD_Char:
0x006D	0x0008      	RETURN
; end of _LCD_Char
_Div_16X16_U:
;__Lib_Math.c,215 :: 		
;__Lib_Math.c,222 :: 		
0x006E	0x1283      	BCF        STATUS, 5
;__Lib_Math.c,223 :: 		
0x006F	0x1303      	BCF        STATUS, 6
;__Lib_Math.c,224 :: 		
0x0070	0x01F8      	CLRF       R8
;__Lib_Math.c,225 :: 		
0x0071	0x01F9      	CLRF       R9
;__Lib_Math.c,226 :: 		
0x0072	0x3010      	MOVLW      16
;__Lib_Math.c,227 :: 		
0x0073	0x00FC      	MOVWF      R12
;__Lib_Math.c,228 :: 		
0x0074	0x0D71      	RLF        R1, 0
;__Lib_Math.c,229 :: 		
0x0075	0x0DF8      	RLF        R8, 1
;__Lib_Math.c,230 :: 		
0x0076	0x0DF9      	RLF        R9, 1
;__Lib_Math.c,231 :: 		
0x0077	0x0874      	MOVF       R4, 0
;__Lib_Math.c,232 :: 		
0x0078	0x02F8      	SUBWF      R8, 1
;__Lib_Math.c,233 :: 		
0x0079	0x0875      	MOVF       R5, 0
;__Lib_Math.c,234 :: 		
0x007A	0x1C03      	BTFSS      STATUS, 0
;__Lib_Math.c,235 :: 		
0x007B	0x0F75      	INCFSZ     R5, 0
;__Lib_Math.c,236 :: 		
0x007C	0x02F9      	SUBWF      R9, 1
;__Lib_Math.c,237 :: 		
0x007D	0x1803      	BTFSC      STATUS, 0
;__Lib_Math.c,238 :: 		
0x007E	0x2886      	GOTO       $+8
;__Lib_Math.c,239 :: 		
0x007F	0x0874      	MOVF       R4, 0
;__Lib_Math.c,240 :: 		
0x0080	0x07F8      	ADDWF      R8, 1
;__Lib_Math.c,241 :: 		
0x0081	0x0875      	MOVF       R5, 0
;__Lib_Math.c,242 :: 		
0x0082	0x1803      	BTFSC      STATUS, 0
;__Lib_Math.c,243 :: 		
0x0083	0x0F75      	INCFSZ     R5, 0
;__Lib_Math.c,244 :: 		
0x0084	0x07F9      	ADDWF      R9, 1
;__Lib_Math.c,245 :: 		
0x0085	0x1003      	BCF        STATUS, 0
;__Lib_Math.c,246 :: 		
0x0086	0x0DF0      	RLF        R0, 1
;__Lib_Math.c,247 :: 		
0x0087	0x0DF1      	RLF        R1, 1
;__Lib_Math.c,248 :: 		
0x0088	0x0BFC      	DECFSZ     R12, 1
;__Lib_Math.c,249 :: 		
0x0089	0x2874      	GOTO       $-21
;__Lib_Math.c,251 :: 		
L_end_Div_16X16_U:
0x008A	0x0008      	RETURN
; end of _Div_16X16_U
_____DoICP:
;__Lib_System.c,6 :: 		
;__Lib_System.c,9 :: 		
0x008B	0x1683      	BSF        STATUS, 5
0x008C	0x1303      	BCF        STATUS, 6
0x008D	0x082B      	MOVF       ___DoICPAddr+1, 0
0x008E	0x008A      	MOVWF      PCLATH
;__Lib_System.c,10 :: 		
0x008F	0x082A      	MOVF       ___DoICPAddr, 0
0x0090	0x0082      	MOVWF      PCL
;__Lib_System.c,12 :: 		
L_end_____DoICP:
0x0091	0x0008      	RETURN
; end of _____DoICP
_Mul_16X16_U:
;__Lib_Math.c,136 :: 		
;__Lib_Math.c,143 :: 		
0x0092	0x1283      	BCF        STATUS, 5
;__Lib_Math.c,144 :: 		
0x0093	0x1303      	BCF        STATUS, 6
;__Lib_Math.c,145 :: 		
0x0094	0x01FB      	CLRF       R11
;__Lib_Math.c,146 :: 		
0x0095	0x01FA      	CLRF       R10
;__Lib_Math.c,147 :: 		
0x0096	0x01F9      	CLRF       R9
;__Lib_Math.c,148 :: 		
0x0097	0x3080      	MOVLW      128
;__Lib_Math.c,149 :: 		
0x0098	0x00F8      	MOVWF      R8
;__Lib_Math.c,150 :: 		
0x0099	0x0CF1      	RRF        R1, 1
;__Lib_Math.c,151 :: 		
0x009A	0x0CF0      	RRF        R0, 1
;__Lib_Math.c,152 :: 		
0x009B	0x1C03      	BTFSS      STATUS, 0
;__Lib_Math.c,153 :: 		
0x009C	0x28A6      	GOTO       $+10
;__Lib_Math.c,154 :: 		
0x009D	0x0874      	MOVF       R4, 0
;__Lib_Math.c,155 :: 		
0x009E	0x07F9      	ADDWF      R9, 1
;__Lib_Math.c,156 :: 		
0x009F	0x0875      	MOVF       R5, 0
;__Lib_Math.c,157 :: 		
0x00A0	0x1803      	BTFSC      STATUS, 0
;__Lib_Math.c,158 :: 		
0x00A1	0x0F75      	INCFSZ     R5, 0
;__Lib_Math.c,159 :: 		
0x00A2	0x07FA      	ADDWF      R10, 1
;__Lib_Math.c,160 :: 		
0x00A3	0x1803      	BTFSC      STATUS, 0
;__Lib_Math.c,161 :: 		
0x00A4	0x0AFB      	INCF       R11, 1
;__Lib_Math.c,162 :: 		
0x00A5	0x1003      	BCF        STATUS, 0
;__Lib_Math.c,163 :: 		
0x00A6	0x1FF0      	BTFSS      R0, 7
;__Lib_Math.c,164 :: 		
0x00A7	0x28AE      	GOTO       $+7
;__Lib_Math.c,165 :: 		
0x00A8	0x0874      	MOVF       R4, 0
;__Lib_Math.c,166 :: 		
0x00A9	0x07FA      	ADDWF      R10, 1
;__Lib_Math.c,167 :: 		
0x00AA	0x0875      	MOVF       R5, 0
;__Lib_Math.c,168 :: 		
0x00AB	0x1803      	BTFSC      STATUS, 0
;__Lib_Math.c,169 :: 		
0x00AC	0x0F75      	INCFSZ     R5, 0
;__Lib_Math.c,170 :: 		
0x00AD	0x07FB      	ADDWF      R11, 1
;__Lib_Math.c,171 :: 		
0x00AE	0x0CFB      	RRF        R11, 1
;__Lib_Math.c,172 :: 		
0x00AF	0x0CFA      	RRF        R10, 1
;__Lib_Math.c,173 :: 		
0x00B0	0x0CF9      	RRF        R9, 1
;__Lib_Math.c,174 :: 		
0x00B1	0x0CF8      	RRF        R8, 1
;__Lib_Math.c,175 :: 		
0x00B2	0x1C03      	BTFSS      STATUS, 0
;__Lib_Math.c,176 :: 		
0x00B3	0x2899      	GOTO       $-26
;__Lib_Math.c,177 :: 		
0x00B4	0x087B      	MOVF       R11, 0
;__Lib_Math.c,178 :: 		
0x00B5	0x00F3      	MOVWF      R3
;__Lib_Math.c,179 :: 		
0x00B6	0x087A      	MOVF       R10, 0
;__Lib_Math.c,180 :: 		
0x00B7	0x00F2      	MOVWF      R2
;__Lib_Math.c,181 :: 		
0x00B8	0x0879      	MOVF       R9, 0
;__Lib_Math.c,182 :: 		
0x00B9	0x00F1      	MOVWF      R1
;__Lib_Math.c,183 :: 		
0x00BA	0x0878      	MOVF       R8, 0
;__Lib_Math.c,184 :: 		
0x00BB	0x00F0      	MOVWF      R0
;__Lib_Math.c,187 :: 		
L_end_Mul_16X16_U:
0x00BC	0x0008      	RETURN
; end of _Mul_16X16_U
_Div_32x32_U:
;__Lib_Math.c,1318 :: 		
;__Lib_Math.c,1327 :: 		
;__Lib_Math.c,1329 :: 		
0x00BD	0x1283      	BCF        STATUS, 5
;__Lib_Math.c,1330 :: 		
0x00BE	0x1303      	BCF        STATUS, 6
;__Lib_Math.c,1331 :: 		
0x00BF	0x01FB      	CLRF       R11
;__Lib_Math.c,1332 :: 		
0x00C0	0x01FA      	CLRF       R10
;__Lib_Math.c,1333 :: 		
0x00C1	0x01F9      	CLRF       R9
;__Lib_Math.c,1334 :: 		
0x00C2	0x01F8      	CLRF       R8
;__Lib_Math.c,1336 :: 		
0x00C3	0x01A0      	CLRF       ___math_tempb
;__Lib_Math.c,1338 :: 		
0x00C4	0x0D73      	RLF        R3, 0
;__Lib_Math.c,1339 :: 		
0x00C5	0x0DF8      	RLF        R8, 1
;__Lib_Math.c,1340 :: 		
0x00C6	0x0874      	MOVF       R4, 0
;__Lib_Math.c,1341 :: 		
0x00C7	0x02F8      	SUBWF      R8, 1
;__Lib_Math.c,1342 :: 		
0x00C8	0x0875      	MOVF       R5, 0
;__Lib_Math.c,1343 :: 		
0x00C9	0x1C03      	BTFSS      STATUS, 0
;__Lib_Math.c,1344 :: 		
0x00CA	0x0F75      	INCFSZ     R5, 0
;__Lib_Math.c,1345 :: 		
0x00CB	0x02F9      	SUBWF      R9, 1
;__Lib_Math.c,1346 :: 		
0x00CC	0x0876      	MOVF       R6, 0
;__Lib_Math.c,1347 :: 		
0x00CD	0x1C03      	BTFSS      STATUS, 0
;__Lib_Math.c,1348 :: 		
0x00CE	0x0F76      	INCFSZ     R6, 0
;__Lib_Math.c,1349 :: 		
0x00CF	0x02FA      	SUBWF      R10, 1
;__Lib_Math.c,1350 :: 		
0x00D0	0x0877      	MOVF       R7, 0
;__Lib_Math.c,1351 :: 		
0x00D1	0x1C03      	BTFSS      STATUS, 0
;__Lib_Math.c,1352 :: 		
0x00D2	0x0F77      	INCFSZ     R7, 0
;__Lib_Math.c,1353 :: 		
0x00D3	0x02FB      	SUBWF      R11, 1
;__Lib_Math.c,1355 :: 		
0x00D4	0x0100      	CLRW
;__Lib_Math.c,1356 :: 		
0x00D5	0x1C03      	BTFSS      STATUS, 0
;__Lib_Math.c,1357 :: 		
0x00D6	0x3001      	MOVLW      1
;__Lib_Math.c,1358 :: 		
0x00D7	0x02A0      	SUBWF      ___math_tempb, 1
;__Lib_Math.c,1359 :: 		
0x00D8	0x0DF3      	RLF        R3, 1
;__Lib_Math.c,1361 :: 		
0x00D9	0x3007      	MOVLW      7
;__Lib_Math.c,1362 :: 		
0x00DA	0x00FC      	MOVWF      R12
;__Lib_Math.c,1364 :: 		
LOOPU3232A:
;__Lib_Math.c,1365 :: 		
0x00DB	0x0D73      	RLF        R3, 0
;__Lib_Math.c,1366 :: 		
0x00DC	0x0DF8      	RLF        R8, 1
;__Lib_Math.c,1367 :: 		
0x00DD	0x0DF9      	RLF        R9, 1
;__Lib_Math.c,1368 :: 		
0x00DE	0x0DFA      	RLF        R10, 1
;__Lib_Math.c,1369 :: 		
0x00DF	0x0DFB      	RLF        R11, 1
;__Lib_Math.c,1370 :: 		
0x00E0	0x0DA0      	RLF        ___math_tempb, 1
;__Lib_Math.c,1371 :: 		
0x00E1	0x0874      	MOVF       R4, 0
;__Lib_Math.c,1372 :: 		
0x00E2	0x1C73      	BTFSS      R3, 0
;__Lib_Math.c,1373 :: 		
0x00E3	0x28F6      	GOTO       UADD22LA
;__Lib_Math.c,1375 :: 		
0x00E4	0x02F8      	SUBWF      R8, 1
;__Lib_Math.c,1376 :: 		
0x00E5	0x0875      	MOVF       R5, 0
;__Lib_Math.c,1377 :: 		
0x00E6	0x1C03      	BTFSS      STATUS, 0
;__Lib_Math.c,1378 :: 		
0x00E7	0x0F75      	INCFSZ     R5, 0
;__Lib_Math.c,1379 :: 		
0x00E8	0x02F9      	SUBWF      R9, 1
;__Lib_Math.c,1380 :: 		
0x00E9	0x0876      	MOVF       R6, 0
;__Lib_Math.c,1381 :: 		
0x00EA	0x1C03      	BTFSS      STATUS, 0
;__Lib_Math.c,1382 :: 		
0x00EB	0x0F76      	INCFSZ     R6, 0
;__Lib_Math.c,1383 :: 		
0x00EC	0x02FA      	SUBWF      R10, 1
;__Lib_Math.c,1384 :: 		
0x00ED	0x0877      	MOVF       R7, 0
;__Lib_Math.c,1385 :: 		
0x00EE	0x1C03      	BTFSS      STATUS, 0
;__Lib_Math.c,1386 :: 		
0x00EF	0x0F77      	INCFSZ     R7, 0
;__Lib_Math.c,1387 :: 		
0x00F0	0x02FB      	SUBWF      R11, 1
;__Lib_Math.c,1388 :: 		
0x00F1	0x0100      	CLRW
;__Lib_Math.c,1389 :: 		
0x00F2	0x1C03      	BTFSS      STATUS, 0
;__Lib_Math.c,1390 :: 		
0x00F3	0x3001      	MOVLW      1
;__Lib_Math.c,1391 :: 		
0x00F4	0x02A0      	SUBWF      ___math_tempb, 1
;__Lib_Math.c,1392 :: 		
0x00F5	0x2907      	GOTO       UOK22LA
;__Lib_Math.c,1394 :: 		
UADD22LA:
;__Lib_Math.c,1395 :: 		
0x00F6	0x07F8      	ADDWF      R8, 1
;__Lib_Math.c,1396 :: 		
0x00F7	0x0875      	MOVF       R5, 0
;__Lib_Math.c,1397 :: 		
0x00F8	0x1803      	BTFSC      STATUS, 0
;__Lib_Math.c,1398 :: 		
0x00F9	0x0F75      	INCFSZ     R5, 0
;__Lib_Math.c,1399 :: 		
0x00FA	0x07F9      	ADDWF      R9, 1
;__Lib_Math.c,1400 :: 		
0x00FB	0x0876      	MOVF       R6, 0
;__Lib_Math.c,1401 :: 		
0x00FC	0x1803      	BTFSC      STATUS, 0
;__Lib_Math.c,1402 :: 		
0x00FD	0x0F76      	INCFSZ     R6, 0
;__Lib_Math.c,1403 :: 		
0x00FE	0x07FA      	ADDWF      R10, 1
;__Lib_Math.c,1404 :: 		
0x00FF	0x0877      	MOVF       R7, 0
;__Lib_Math.c,1405 :: 		
0x0100	0x1803      	BTFSC      STATUS, 0
;__Lib_Math.c,1406 :: 		
0x0101	0x0F77      	INCFSZ     R7, 0
;__Lib_Math.c,1407 :: 		
0x0102	0x07FB      	ADDWF      R11, 1
;__Lib_Math.c,1408 :: 		
0x0103	0x0100      	CLRW
;__Lib_Math.c,1409 :: 		
0x0104	0x1803      	BTFSC      STATUS, 0
;__Lib_Math.c,1410 :: 		
0x0105	0x3001      	MOVLW      1
;__Lib_Math.c,1411 :: 		
0x0106	0x07A0      	ADDWF      ___math_tempb, 1
;__Lib_Math.c,1413 :: 		
UOK22LA:
;__Lib_Math.c,1414 :: 		
0x0107	0x0DF3      	RLF        R3, 1
;__Lib_Math.c,1416 :: 		
0x0108	0x0BFC      	DECFSZ     R12, 1
;__Lib_Math.c,1417 :: 		
0x0109	0x28DB      	GOTO       LOOPU3232A
;__Lib_Math.c,1419 :: 		
0x010A	0x0D72      	RLF        R2, 0
;__Lib_Math.c,1420 :: 		
0x010B	0x0DF8      	RLF        R8, 1
;__Lib_Math.c,1421 :: 		
0x010C	0x0DF9      	RLF        R9, 1
;__Lib_Math.c,1422 :: 		
0x010D	0x0DFA      	RLF        R10, 1
;__Lib_Math.c,1423 :: 		
0x010E	0x0DFB      	RLF        R11, 1
;__Lib_Math.c,1424 :: 		
0x010F	0x0DA0      	RLF        ___math_tempb, 1
;__Lib_Math.c,1425 :: 		
0x0110	0x0874      	MOVF       R4, 0
;__Lib_Math.c,1426 :: 		
0x0111	0x1C73      	BTFSS      R3, 0
;__Lib_Math.c,1427 :: 		
0x0112	0x2925      	GOTO       UADD22L8
;__Lib_Math.c,1429 :: 		
0x0113	0x02F8      	SUBWF      R8, 1
;__Lib_Math.c,1430 :: 		
0x0114	0x0875      	MOVF       R5, 0
;__Lib_Math.c,1431 :: 		
0x0115	0x1C03      	BTFSS      STATUS, 0
;__Lib_Math.c,1432 :: 		
0x0116	0x0F75      	INCFSZ     R5, 0
;__Lib_Math.c,1433 :: 		
0x0117	0x02F9      	SUBWF      R9, 1
;__Lib_Math.c,1434 :: 		
0x0118	0x0876      	MOVF       R6, 0
;__Lib_Math.c,1435 :: 		
0x0119	0x1C03      	BTFSS      STATUS, 0
;__Lib_Math.c,1436 :: 		
0x011A	0x0F76      	INCFSZ     R6, 0
;__Lib_Math.c,1437 :: 		
0x011B	0x02FA      	SUBWF      R10, 1
;__Lib_Math.c,1438 :: 		
0x011C	0x0877      	MOVF       R7, 0
;__Lib_Math.c,1439 :: 		
0x011D	0x1C03      	BTFSS      STATUS, 0
;__Lib_Math.c,1440 :: 		
0x011E	0x0F77      	INCFSZ     R7, 0
;__Lib_Math.c,1441 :: 		
0x011F	0x02FB      	SUBWF      R11, 1
;__Lib_Math.c,1442 :: 		
0x0120	0x0100      	CLRW
;__Lib_Math.c,1443 :: 		
0x0121	0x1C03      	BTFSS      STATUS, 0
;__Lib_Math.c,1444 :: 		
0x0122	0x3001      	MOVLW      1
;__Lib_Math.c,1445 :: 		
0x0123	0x02A0      	SUBWF      ___math_tempb, 1
;__Lib_Math.c,1446 :: 		
0x0124	0x2936      	GOTO       UOK22L8
;__Lib_Math.c,1448 :: 		
UADD22L8:
;__Lib_Math.c,1449 :: 		
0x0125	0x07F8      	ADDWF      R8, 1
;__Lib_Math.c,1450 :: 		
0x0126	0x0875      	MOVF       R5, 0
;__Lib_Math.c,1451 :: 		
0x0127	0x1803      	BTFSC      STATUS, 0
;__Lib_Math.c,1452 :: 		
0x0128	0x0F75      	INCFSZ     R5, 0
;__Lib_Math.c,1453 :: 		
0x0129	0x07F9      	ADDWF      R9, 1
;__Lib_Math.c,1454 :: 		
0x012A	0x0876      	MOVF       R6, 0
;__Lib_Math.c,1455 :: 		
0x012B	0x1803      	BTFSC      STATUS, 0
;__Lib_Math.c,1456 :: 		
0x012C	0x0F76      	INCFSZ     R6, 0
;__Lib_Math.c,1457 :: 		
0x012D	0x07FA      	ADDWF      R10, 1
;__Lib_Math.c,1458 :: 		
0x012E	0x0877      	MOVF       R7, 0
;__Lib_Math.c,1459 :: 		
0x012F	0x1803      	BTFSC      STATUS, 0
;__Lib_Math.c,1460 :: 		
0x0130	0x0F77      	INCFSZ     R7, 0
;__Lib_Math.c,1461 :: 		
0x0131	0x07FB      	ADDWF      R11, 1
;__Lib_Math.c,1462 :: 		
0x0132	0x0100      	CLRW
;__Lib_Math.c,1463 :: 		
0x0133	0x1803      	BTFSC      STATUS, 0
;__Lib_Math.c,1464 :: 		
0x0134	0x3001      	MOVLW      1
;__Lib_Math.c,1465 :: 		
0x0135	0x07A0      	ADDWF      ___math_tempb, 1
;__Lib_Math.c,1467 :: 		
UOK22L8:
;__Lib_Math.c,1468 :: 		
0x0136	0x0DF2      	RLF        R2, 1
;__Lib_Math.c,1470 :: 		
0x0137	0x3007      	MOVLW      7
;__Lib_Math.c,1471 :: 		
0x0138	0x00FC      	MOVWF      R12
;__Lib_Math.c,1473 :: 		
LOOPU3232B:
;__Lib_Math.c,1474 :: 		
0x0139	0x0D72      	RLF        R2, 0
;__Lib_Math.c,1475 :: 		
0x013A	0x0DF8      	RLF        R8, 1
;__Lib_Math.c,1476 :: 		
0x013B	0x0DF9      	RLF        R9, 1
;__Lib_Math.c,1477 :: 		
0x013C	0x0DFA      	RLF        R10, 1
;__Lib_Math.c,1478 :: 		
0x013D	0x0DFB      	RLF        R11, 1
;__Lib_Math.c,1479 :: 		
0x013E	0x0DA0      	RLF        ___math_tempb, 1
;__Lib_Math.c,1480 :: 		
0x013F	0x0874      	MOVF       R4, 0
;__Lib_Math.c,1481 :: 		
0x0140	0x1C72      	BTFSS      R2, 0
;__Lib_Math.c,1482 :: 		
0x0141	0x2954      	GOTO       UADD22LB
;__Lib_Math.c,1484 :: 		
0x0142	0x02F8      	SUBWF      R8, 1
;__Lib_Math.c,1485 :: 		
0x0143	0x0875      	MOVF       R5, 0
;__Lib_Math.c,1486 :: 		
0x0144	0x1C03      	BTFSS      STATUS, 0
;__Lib_Math.c,1487 :: 		
0x0145	0x0F75      	INCFSZ     R5, 0
;__Lib_Math.c,1488 :: 		
0x0146	0x02F9      	SUBWF      R9, 1
;__Lib_Math.c,1489 :: 		
0x0147	0x0876      	MOVF       R6, 0
;__Lib_Math.c,1490 :: 		
0x0148	0x1C03      	BTFSS      STATUS, 0
;__Lib_Math.c,1491 :: 		
0x0149	0x0F76      	INCFSZ     R6, 0
;__Lib_Math.c,1492 :: 		
0x014A	0x02FA      	SUBWF      R10, 1
;__Lib_Math.c,1493 :: 		
0x014B	0x0877      	MOVF       R7, 0
;__Lib_Math.c,1494 :: 		
0x014C	0x1C03      	BTFSS      STATUS, 0
;__Lib_Math.c,1495 :: 		
0x014D	0x0F77      	INCFSZ     R7, 0
;__Lib_Math.c,1496 :: 		
0x014E	0x02FB      	SUBWF      R11, 1
;__Lib_Math.c,1497 :: 		
0x014F	0x0100      	CLRW
;__Lib_Math.c,1498 :: 		
0x0150	0x1C03      	BTFSS      STATUS, 0
;__Lib_Math.c,1499 :: 		
0x0151	0x3001      	MOVLW      1
;__Lib_Math.c,1500 :: 		
0x0152	0x02A0      	SUBWF      ___math_tempb, 1
;__Lib_Math.c,1501 :: 		
0x0153	0x2965      	GOTO       UOK22LB
;__Lib_Math.c,1503 :: 		
UADD22LB:
;__Lib_Math.c,1504 :: 		
0x0154	0x07F8      	ADDWF      R8, 1
;__Lib_Math.c,1505 :: 		
0x0155	0x0875      	MOVF       R5, 0
;__Lib_Math.c,1506 :: 		
0x0156	0x1803      	BTFSC      STATUS, 0
;__Lib_Math.c,1507 :: 		
0x0157	0x0F75      	INCFSZ     R5, 0
;__Lib_Math.c,1508 :: 		
0x0158	0x07F9      	ADDWF      R9, 1
;__Lib_Math.c,1509 :: 		
0x0159	0x0876      	MOVF       R6, 0
;__Lib_Math.c,1510 :: 		
0x015A	0x1803      	BTFSC      STATUS, 0
;__Lib_Math.c,1511 :: 		
0x015B	0x0F76      	INCFSZ     R6, 0
;__Lib_Math.c,1512 :: 		
0x015C	0x07FA      	ADDWF      R10, 1
;__Lib_Math.c,1513 :: 		
0x015D	0x0877      	MOVF       R7, 0
;__Lib_Math.c,1514 :: 		
0x015E	0x1803      	BTFSC      STATUS, 0
;__Lib_Math.c,1515 :: 		
0x015F	0x0F77      	INCFSZ     R7, 0
;__Lib_Math.c,1516 :: 		
0x0160	0x07FB      	ADDWF      R11, 1
;__Lib_Math.c,1517 :: 		
0x0161	0x0100      	CLRW
;__Lib_Math.c,1518 :: 		
0x0162	0x1803      	BTFSC      STATUS, 0
;__Lib_Math.c,1519 :: 		
0x0163	0x3001      	MOVLW      1
;__Lib_Math.c,1520 :: 		
0x0164	0x07A0      	ADDWF      ___math_tempb, 1
;__Lib_Math.c,1522 :: 		
UOK22LB:
;__Lib_Math.c,1523 :: 		
0x0165	0x0DF2      	RLF        R2, 1
;__Lib_Math.c,1525 :: 		
0x0166	0x0BFC      	DECFSZ     R12, 1
;__Lib_Math.c,1526 :: 		
0x0167	0x2939      	GOTO       LOOPU3232B
;__Lib_Math.c,1528 :: 		
0x0168	0x0D71      	RLF        R1, 0
;__Lib_Math.c,1529 :: 		
0x0169	0x0DF8      	RLF        R8, 1
;__Lib_Math.c,1530 :: 		
0x016A	0x0DF9      	RLF        R9, 1
;__Lib_Math.c,1531 :: 		
0x016B	0x0DFA      	RLF        R10, 1
;__Lib_Math.c,1532 :: 		
0x016C	0x0DFB      	RLF        R11, 1
;__Lib_Math.c,1533 :: 		
0x016D	0x0DA0      	RLF        ___math_tempb, 1
;__Lib_Math.c,1534 :: 		
0x016E	0x0874      	MOVF       R4, 0
;__Lib_Math.c,1535 :: 		
0x016F	0x1C72      	BTFSS      R2, 0
;__Lib_Math.c,1536 :: 		
0x0170	0x2983      	GOTO       UADD22L16
;__Lib_Math.c,1538 :: 		
0x0171	0x02F8      	SUBWF      R8, 1
;__Lib_Math.c,1539 :: 		
0x0172	0x0875      	MOVF       R5, 0
;__Lib_Math.c,1540 :: 		
0x0173	0x1C03      	BTFSS      STATUS, 0
;__Lib_Math.c,1541 :: 		
0x0174	0x0F75      	INCFSZ     R5, 0
;__Lib_Math.c,1542 :: 		
0x0175	0x02F9      	SUBWF      R9, 1
;__Lib_Math.c,1543 :: 		
0x0176	0x0876      	MOVF       R6, 0
;__Lib_Math.c,1544 :: 		
0x0177	0x1C03      	BTFSS      STATUS, 0
;__Lib_Math.c,1545 :: 		
0x0178	0x0F76      	INCFSZ     R6, 0
;__Lib_Math.c,1546 :: 		
0x0179	0x02FA      	SUBWF      R10, 1
;__Lib_Math.c,1547 :: 		
0x017A	0x0877      	MOVF       R7, 0
;__Lib_Math.c,1548 :: 		
0x017B	0x1C03      	BTFSS      STATUS, 0
;__Lib_Math.c,1549 :: 		
0x017C	0x0F77      	INCFSZ     R7, 0
;__Lib_Math.c,1550 :: 		
0x017D	0x02FB      	SUBWF      R11, 1
;__Lib_Math.c,1551 :: 		
0x017E	0x0100      	CLRW
;__Lib_Math.c,1552 :: 		
0x017F	0x1C03      	BTFSS      STATUS, 0
;__Lib_Math.c,1553 :: 		
0x0180	0x3001      	MOVLW      1
;__Lib_Math.c,1554 :: 		
0x0181	0x02A0      	SUBWF      ___math_tempb, 1
;__Lib_Math.c,1555 :: 		
0x0182	0x2994      	GOTO       UOK22L16
;__Lib_Math.c,1557 :: 		
UADD22L16:
;__Lib_Math.c,1558 :: 		
0x0183	0x07F8      	ADDWF      R8, 1
;__Lib_Math.c,1559 :: 		
0x0184	0x0875      	MOVF       R5, 0
;__Lib_Math.c,1560 :: 		
0x0185	0x1803      	BTFSC      STATUS, 0
;__Lib_Math.c,1561 :: 		
0x0186	0x0F75      	INCFSZ     R5, 0
;__Lib_Math.c,1562 :: 		
0x0187	0x07F9      	ADDWF      R9, 1
;__Lib_Math.c,1563 :: 		
0x0188	0x0876      	MOVF       R6, 0
;__Lib_Math.c,1564 :: 		
0x0189	0x1803      	BTFSC      STATUS, 0
;__Lib_Math.c,1565 :: 		
0x018A	0x0F76      	INCFSZ     R6, 0
;__Lib_Math.c,1566 :: 		
0x018B	0x07FA      	ADDWF      R10, 1
;__Lib_Math.c,1567 :: 		
0x018C	0x0877      	MOVF       R7, 0
;__Lib_Math.c,1568 :: 		
0x018D	0x1803      	BTFSC      STATUS, 0
;__Lib_Math.c,1569 :: 		
0x018E	0x0F77      	INCFSZ     R7, 0
;__Lib_Math.c,1570 :: 		
0x018F	0x07FB      	ADDWF      R11, 1
;__Lib_Math.c,1571 :: 		
0x0190	0x0100      	CLRW
;__Lib_Math.c,1572 :: 		
0x0191	0x1803      	BTFSC      STATUS, 0
;__Lib_Math.c,1573 :: 		
0x0192	0x3001      	MOVLW      1
;__Lib_Math.c,1574 :: 		
0x0193	0x07A0      	ADDWF      ___math_tempb, 1
;__Lib_Math.c,1576 :: 		
UOK22L16:
;__Lib_Math.c,1577 :: 		
0x0194	0x0DF1      	RLF        R1, 1
;__Lib_Math.c,1579 :: 		
0x0195	0x3007      	MOVLW      7
;__Lib_Math.c,1580 :: 		
0x0196	0x00FC      	MOVWF      R12
;__Lib_Math.c,1582 :: 		
LOOPU3232C:
;__Lib_Math.c,1583 :: 		
0x0197	0x0D71      	RLF        R1, 0
;__Lib_Math.c,1584 :: 		
0x0198	0x0DF8      	RLF        R8, 1
;__Lib_Math.c,1585 :: 		
0x0199	0x0DF9      	RLF        R9, 1
;__Lib_Math.c,1586 :: 		
0x019A	0x0DFA      	RLF        R10, 1
;__Lib_Math.c,1587 :: 		
0x019B	0x0DFB      	RLF        R11, 1
;__Lib_Math.c,1588 :: 		
0x019C	0x0DA0      	RLF        ___math_tempb, 1
;__Lib_Math.c,1589 :: 		
0x019D	0x0874      	MOVF       R4, 0
;__Lib_Math.c,1590 :: 		
0x019E	0x1C71      	BTFSS      R1, 0
;__Lib_Math.c,1591 :: 		
0x019F	0x29B2      	GOTO       UADD22LC
;__Lib_Math.c,1593 :: 		
0x01A0	0x02F8      	SUBWF      R8, 1
;__Lib_Math.c,1594 :: 		
0x01A1	0x0875      	MOVF       R5, 0
;__Lib_Math.c,1595 :: 		
0x01A2	0x1C03      	BTFSS      STATUS, 0
;__Lib_Math.c,1596 :: 		
0x01A3	0x0F75      	INCFSZ     R5, 0
;__Lib_Math.c,1597 :: 		
0x01A4	0x02F9      	SUBWF      R9, 1
;__Lib_Math.c,1598 :: 		
0x01A5	0x0876      	MOVF       R6, 0
;__Lib_Math.c,1599 :: 		
0x01A6	0x1C03      	BTFSS      STATUS, 0
;__Lib_Math.c,1600 :: 		
0x01A7	0x0F76      	INCFSZ     R6, 0
;__Lib_Math.c,1601 :: 		
0x01A8	0x02FA      	SUBWF      R10, 1
;__Lib_Math.c,1602 :: 		
0x01A9	0x0877      	MOVF       R7, 0
;__Lib_Math.c,1603 :: 		
0x01AA	0x1C03      	BTFSS      STATUS, 0
;__Lib_Math.c,1604 :: 		
0x01AB	0x0F77      	INCFSZ     R7, 0
;__Lib_Math.c,1605 :: 		
0x01AC	0x02FB      	SUBWF      R11, 1
;__Lib_Math.c,1606 :: 		
0x01AD	0x0100      	CLRW
;__Lib_Math.c,1607 :: 		
0x01AE	0x1C03      	BTFSS      STATUS, 0
;__Lib_Math.c,1608 :: 		
0x01AF	0x3001      	MOVLW      1
;__Lib_Math.c,1609 :: 		
0x01B0	0x02A0      	SUBWF      ___math_tempb, 1
;__Lib_Math.c,1610 :: 		
0x01B1	0x29C3      	GOTO       UOK22LC
;__Lib_Math.c,1612 :: 		
UADD22LC:
;__Lib_Math.c,1613 :: 		
0x01B2	0x07F8      	ADDWF      R8, 1
;__Lib_Math.c,1614 :: 		
0x01B3	0x0875      	MOVF       R5, 0
;__Lib_Math.c,1615 :: 		
0x01B4	0x1803      	BTFSC      STATUS, 0
;__Lib_Math.c,1616 :: 		
0x01B5	0x0F75      	INCFSZ     R5, 0
;__Lib_Math.c,1617 :: 		
0x01B6	0x07F9      	ADDWF      R9, 1
;__Lib_Math.c,1618 :: 		
0x01B7	0x0876      	MOVF       R6, 0
;__Lib_Math.c,1619 :: 		
0x01B8	0x1803      	BTFSC      STATUS, 0
;__Lib_Math.c,1620 :: 		
0x01B9	0x0F76      	INCFSZ     R6, 0
;__Lib_Math.c,1621 :: 		
0x01BA	0x07FA      	ADDWF      R10, 1
;__Lib_Math.c,1622 :: 		
0x01BB	0x0877      	MOVF       R7, 0
;__Lib_Math.c,1623 :: 		
0x01BC	0x1803      	BTFSC      STATUS, 0
;__Lib_Math.c,1624 :: 		
0x01BD	0x0F77      	INCFSZ     R7, 0
;__Lib_Math.c,1625 :: 		
0x01BE	0x07FB      	ADDWF      R11, 1
;__Lib_Math.c,1626 :: 		
0x01BF	0x0100      	CLRW
;__Lib_Math.c,1627 :: 		
0x01C0	0x1803      	BTFSC      STATUS, 0
;__Lib_Math.c,1628 :: 		
0x01C1	0x3001      	MOVLW      1
;__Lib_Math.c,1629 :: 		
0x01C2	0x07A0      	ADDWF      ___math_tempb, 1
;__Lib_Math.c,1631 :: 		
UOK22LC:
;__Lib_Math.c,1632 :: 		
0x01C3	0x0DF1      	RLF        R1, 1
;__Lib_Math.c,1634 :: 		
0x01C4	0x0BFC      	DECFSZ     R12, 1
;__Lib_Math.c,1635 :: 		
0x01C5	0x2997      	GOTO       LOOPU3232C
;__Lib_Math.c,1637 :: 		
0x01C6	0x0D70      	RLF        R0, 0
;__Lib_Math.c,1638 :: 		
0x01C7	0x0DF8      	RLF        R8, 1
;__Lib_Math.c,1639 :: 		
0x01C8	0x0DF9      	RLF        R9, 1
;__Lib_Math.c,1640 :: 		
0x01C9	0x0DFA      	RLF        R10, 1
;__Lib_Math.c,1641 :: 		
0x01CA	0x0DFB      	RLF        R11, 1
;__Lib_Math.c,1642 :: 		
0x01CB	0x0DA0      	RLF        ___math_tempb, 1
;__Lib_Math.c,1643 :: 		
0x01CC	0x0874      	MOVF       R4, 0
;__Lib_Math.c,1644 :: 		
0x01CD	0x1C71      	BTFSS      R1, 0
;__Lib_Math.c,1645 :: 		
0x01CE	0x29E1      	GOTO       UADD22L24
;__Lib_Math.c,1647 :: 		
0x01CF	0x02F8      	SUBWF      R8, 1
;__Lib_Math.c,1648 :: 		
0x01D0	0x0875      	MOVF       R5, 0
;__Lib_Math.c,1649 :: 		
0x01D1	0x1C03      	BTFSS      STATUS, 0
;__Lib_Math.c,1650 :: 		
0x01D2	0x0F75      	INCFSZ     R5, 0
;__Lib_Math.c,1651 :: 		
0x01D3	0x02F9      	SUBWF      R9, 1
;__Lib_Math.c,1652 :: 		
0x01D4	0x0876      	MOVF       R6, 0
;__Lib_Math.c,1653 :: 		
0x01D5	0x1C03      	BTFSS      STATUS, 0
;__Lib_Math.c,1654 :: 		
0x01D6	0x0F76      	INCFSZ     R6, 0
;__Lib_Math.c,1655 :: 		
0x01D7	0x02FA      	SUBWF      R10, 1
;__Lib_Math.c,1656 :: 		
0x01D8	0x0877      	MOVF       R7, 0
;__Lib_Math.c,1657 :: 		
0x01D9	0x1C03      	BTFSS      STATUS, 0
;__Lib_Math.c,1658 :: 		
0x01DA	0x0F77      	INCFSZ     R7, 0
;__Lib_Math.c,1659 :: 		
0x01DB	0x02FB      	SUBWF      R11, 1
;__Lib_Math.c,1660 :: 		
0x01DC	0x0100      	CLRW
;__Lib_Math.c,1661 :: 		
0x01DD	0x1C03      	BTFSS      STATUS, 0
;__Lib_Math.c,1662 :: 		
0x01DE	0x3001      	MOVLW      1
;__Lib_Math.c,1663 :: 		
0x01DF	0x02A0      	SUBWF      ___math_tempb, 1
;__Lib_Math.c,1664 :: 		
0x01E0	0x29F2      	GOTO       UOK22L24
;__Lib_Math.c,1666 :: 		
UADD22L24:
;__Lib_Math.c,1667 :: 		
0x01E1	0x07F8      	ADDWF      R8, 1
;__Lib_Math.c,1668 :: 		
0x01E2	0x0875      	MOVF       R5, 0
;__Lib_Math.c,1669 :: 		
0x01E3	0x1803      	BTFSC      STATUS, 0
;__Lib_Math.c,1670 :: 		
0x01E4	0x0F75      	INCFSZ     R5, 0
;__Lib_Math.c,1671 :: 		
0x01E5	0x07F9      	ADDWF      R9, 1
;__Lib_Math.c,1672 :: 		
0x01E6	0x0876      	MOVF       R6, 0
;__Lib_Math.c,1673 :: 		
0x01E7	0x1803      	BTFSC      STATUS, 0
;__Lib_Math.c,1674 :: 		
0x01E8	0x0F76      	INCFSZ     R6, 0
;__Lib_Math.c,1675 :: 		
0x01E9	0x07FA      	ADDWF      R10, 1
;__Lib_Math.c,1676 :: 		
0x01EA	0x0877      	MOVF       R7, 0
;__Lib_Math.c,1677 :: 		
0x01EB	0x1803      	BTFSC      STATUS, 0
;__Lib_Math.c,1678 :: 		
0x01EC	0x0F77      	INCFSZ     R7, 0
;__Lib_Math.c,1679 :: 		
0x01ED	0x07FB      	ADDWF      R11, 1
;__Lib_Math.c,1680 :: 		
0x01EE	0x0100      	CLRW
;__Lib_Math.c,1681 :: 		
0x01EF	0x1803      	BTFSC      STATUS, 0
;__Lib_Math.c,1682 :: 		
0x01F0	0x3001      	MOVLW      1
;__Lib_Math.c,1683 :: 		
0x01F1	0x07A0      	ADDWF      ___math_tempb, 1
;__Lib_Math.c,1685 :: 		
UOK22L24:
;__Lib_Math.c,1686 :: 		
0x01F2	0x0DF0      	RLF        R0, 1
;__Lib_Math.c,1688 :: 		
0x01F3	0x3007      	MOVLW      7
;__Lib_Math.c,1689 :: 		
0x01F4	0x00FC      	MOVWF      R12
;__Lib_Math.c,1691 :: 		
LOOPU3232D:
;__Lib_Math.c,1692 :: 		
0x01F5	0x0D70      	RLF        R0, 0
;__Lib_Math.c,1693 :: 		
0x01F6	0x0DF8      	RLF        R8, 1
;__Lib_Math.c,1694 :: 		
0x01F7	0x0DF9      	RLF        R9, 1
;__Lib_Math.c,1695 :: 		
0x01F8	0x0DFA      	RLF        R10, 1
;__Lib_Math.c,1696 :: 		
0x01F9	0x0DFB      	RLF        R11, 1
;__Lib_Math.c,1697 :: 		
0x01FA	0x0DA0      	RLF        ___math_tempb, 1
;__Lib_Math.c,1698 :: 		
0x01FB	0x0874      	MOVF       R4, 0
;__Lib_Math.c,1699 :: 		
0x01FC	0x1C70      	BTFSS      R0, 0
;__Lib_Math.c,1700 :: 		
0x01FD	0x2A10      	GOTO       UADD22LD
;__Lib_Math.c,1702 :: 		
0x01FE	0x02F8      	SUBWF      R8, 1
;__Lib_Math.c,1703 :: 		
0x01FF	0x0875      	MOVF       R5, 0
;__Lib_Math.c,1704 :: 		
0x0200	0x1C03      	BTFSS      STATUS, 0
;__Lib_Math.c,1705 :: 		
0x0201	0x0F75      	INCFSZ     R5, 0
;__Lib_Math.c,1706 :: 		
0x0202	0x02F9      	SUBWF      R9, 1
;__Lib_Math.c,1707 :: 		
0x0203	0x0876      	MOVF       R6, 0
;__Lib_Math.c,1708 :: 		
0x0204	0x1C03      	BTFSS      STATUS, 0
;__Lib_Math.c,1709 :: 		
0x0205	0x0F76      	INCFSZ     R6, 0
;__Lib_Math.c,1710 :: 		
0x0206	0x02FA      	SUBWF      R10, 1
;__Lib_Math.c,1711 :: 		
0x0207	0x0877      	MOVF       R7, 0
;__Lib_Math.c,1712 :: 		
0x0208	0x1C03      	BTFSS      STATUS, 0
;__Lib_Math.c,1713 :: 		
0x0209	0x0F77      	INCFSZ     R7, 0
;__Lib_Math.c,1714 :: 		
0x020A	0x02FB      	SUBWF      R11, 1
;__Lib_Math.c,1715 :: 		
0x020B	0x0100      	CLRW
;__Lib_Math.c,1716 :: 		
0x020C	0x1C03      	BTFSS      STATUS, 0
;__Lib_Math.c,1717 :: 		
0x020D	0x3001      	MOVLW      1
;__Lib_Math.c,1718 :: 		
0x020E	0x02A0      	SUBWF      ___math_tempb, 1
;__Lib_Math.c,1719 :: 		
0x020F	0x2A21      	GOTO       UOK22LD
;__Lib_Math.c,1721 :: 		
UADD22LD:
;__Lib_Math.c,1722 :: 		
0x0210	0x07F8      	ADDWF      R8, 1
;__Lib_Math.c,1723 :: 		
0x0211	0x0875      	MOVF       R5, 0
;__Lib_Math.c,1724 :: 		
0x0212	0x1803      	BTFSC      STATUS, 0
;__Lib_Math.c,1725 :: 		
0x0213	0x0F75      	INCFSZ     R5, 0
;__Lib_Math.c,1726 :: 		
0x0214	0x07F9      	ADDWF      R9, 1
;__Lib_Math.c,1727 :: 		
0x0215	0x0876      	MOVF       R6, 0
;__Lib_Math.c,1728 :: 		
0x0216	0x1803      	BTFSC      STATUS, 0
;__Lib_Math.c,1729 :: 		
0x0217	0x0F76      	INCFSZ     R6, 0
;__Lib_Math.c,1730 :: 		
0x0218	0x07FA      	ADDWF      R10, 1
;__Lib_Math.c,1731 :: 		
0x0219	0x0877      	MOVF       R7, 0
;__Lib_Math.c,1732 :: 		
0x021A	0x1803      	BTFSC      STATUS, 0
;__Lib_Math.c,1733 :: 		
0x021B	0x0F77      	INCFSZ     R7, 0
;__Lib_Math.c,1734 :: 		
0x021C	0x07FB      	ADDWF      R11, 1
;__Lib_Math.c,1735 :: 		
0x021D	0x0100      	CLRW
;__Lib_Math.c,1736 :: 		
0x021E	0x1803      	BTFSC      STATUS, 0
;__Lib_Math.c,1737 :: 		
0x021F	0x3001      	MOVLW      1
;__Lib_Math.c,1738 :: 		
0x0220	0x07A0      	ADDWF      ___math_tempb, 1
;__Lib_Math.c,1740 :: 		
UOK22LD:
;__Lib_Math.c,1741 :: 		
0x0221	0x0DF0      	RLF        R0, 1
;__Lib_Math.c,1743 :: 		
0x0222	0x0BFC      	DECFSZ     R12, 1
;__Lib_Math.c,1744 :: 		
0x0223	0x29F5      	GOTO       LOOPU3232D
;__Lib_Math.c,1746 :: 		
0x0224	0x1870      	BTFSC      R0, 0
;__Lib_Math.c,1747 :: 		
0x0225	0x2A34      	GOTO       UOK22L
;__Lib_Math.c,1748 :: 		
0x0226	0x0874      	MOVF       R4, 0
;__Lib_Math.c,1749 :: 		
0x0227	0x07F8      	ADDWF      R8, 1
;__Lib_Math.c,1750 :: 		
0x0228	0x0875      	MOVF       R5, 0
;__Lib_Math.c,1751 :: 		
0x0229	0x1803      	BTFSC      STATUS, 0
;__Lib_Math.c,1752 :: 		
0x022A	0x0F75      	INCFSZ     R5, 0
;__Lib_Math.c,1753 :: 		
0x022B	0x07F9      	ADDWF      R9, 1
;__Lib_Math.c,1754 :: 		
0x022C	0x0876      	MOVF       R6, 0
;__Lib_Math.c,1755 :: 		
0x022D	0x1803      	BTFSC      STATUS, 0
;__Lib_Math.c,1756 :: 		
0x022E	0x0F76      	INCFSZ     R6, 0
;__Lib_Math.c,1757 :: 		
0x022F	0x07FA      	ADDWF      R10, 1
;__Lib_Math.c,1758 :: 		
0x0230	0x0877      	MOVF       R7, 0
;__Lib_Math.c,1759 :: 		
0x0231	0x1803      	BTFSC      STATUS, 0
;__Lib_Math.c,1760 :: 		
0x0232	0x0F77      	INCFSZ     R7, 0
;__Lib_Math.c,1761 :: 		
0x0233	0x07FB      	ADDWF      R11, 1
;__Lib_Math.c,1763 :: 		
UOK22L:
;__Lib_Math.c,1766 :: 		
L_end_Div_32x32_U:
0x0234	0x0008      	RETURN
; end of _Div_32x32_U
_LCD_command:
;Fire_alarm.c,172 :: 		void LCD_command(unsigned char cmnd)
;Fire_alarm.c,174 :: 		ldata = (ldata & 0x0f) |(0xF0 & cmnd);  //Send higher nibble of command first to PORT/
0x0235	0x300F      	MOVLW      15
0x0236	0x1283      	BCF        STATUS, 5
0x0237	0x1303      	BCF        STATUS, 6
0x0238	0x0508      	ANDWF      PORTD, 0
0x0239	0x00F1      	MOVWF      R1
0x023A	0x30F0      	MOVLW      240
0x023B	0x1683      	BSF        STATUS, 5
0x023C	0x053A      	ANDWF      FARG_LCD_command_cmnd, 0
0x023D	0x00F0      	MOVWF      R0
0x023E	0x0870      	MOVF       R0, 0
0x023F	0x0471      	IORWF      R1, 0
0x0240	0x1283      	BCF        STATUS, 5
0x0241	0x0088      	MOVWF      PORTD
;Fire_alarm.c,175 :: 		RS = 0;  //Command Register is selected i.e.RS=0/
0x0242	0x1008      	BCF        RD0_bit, BitPos(RD0_bit+0)
;Fire_alarm.c,176 :: 		EN = 1;  //High-to-low pulse on Enable pin to latch data/
0x0243	0x1488      	BSF        RD1_bit, BitPos(RD1_bit+0)
;Fire_alarm.c,177 :: 		asm NOP;
0x0244	0x0000      	NOP
;Fire_alarm.c,178 :: 		EN = 0;
0x0245	0x1088      	BCF        RD1_bit, BitPos(RD1_bit+0)
;Fire_alarm.c,179 :: 		MSdelay(1);
0x0246	0x3001      	MOVLW      1
0x0247	0x1683      	BSF        STATUS, 5
0x0248	0x00BC      	MOVWF      FARG_MSdelay_val
0x0249	0x3000      	MOVLW      0
0x024A	0x00BD      	MOVWF      FARG_MSdelay_val+1
0x024B	0x2019      	CALL       _MSdelay
;Fire_alarm.c,180 :: 		ldata = (ldata & 0x0f) | (cmnd<<4);  /*Send lower nibble of command to PORT */
0x024C	0x300F      	MOVLW      15
0x024D	0x1283      	BCF        STATUS, 5
0x024E	0x0508      	ANDWF      PORTD, 0
0x024F	0x00F2      	MOVWF      R2
0x0250	0x1683      	BSF        STATUS, 5
0x0251	0x083A      	MOVF       FARG_LCD_command_cmnd, 0
0x0252	0x00F0      	MOVWF      R0
0x0253	0x0DF0      	RLF        R0, 1
0x0254	0x1070      	BCF        R0, 0
0x0255	0x0DF0      	RLF        R0, 1
0x0256	0x1070      	BCF        R0, 0
0x0257	0x0DF0      	RLF        R0, 1
0x0258	0x1070      	BCF        R0, 0
0x0259	0x0DF0      	RLF        R0, 1
0x025A	0x1070      	BCF        R0, 0
0x025B	0x0870      	MOVF       R0, 0
0x025C	0x0472      	IORWF      R2, 0
0x025D	0x1283      	BCF        STATUS, 5
0x025E	0x0088      	MOVWF      PORTD
;Fire_alarm.c,181 :: 		EN = 1;
0x025F	0x1488      	BSF        RD1_bit, BitPos(RD1_bit+0)
;Fire_alarm.c,182 :: 		asm NOP;
0x0260	0x0000      	NOP
;Fire_alarm.c,183 :: 		EN = 0;
0x0261	0x1088      	BCF        RD1_bit, BitPos(RD1_bit+0)
;Fire_alarm.c,184 :: 		MSdelay(3);
0x0262	0x3003      	MOVLW      3
0x0263	0x1683      	BSF        STATUS, 5
0x0264	0x00BC      	MOVWF      FARG_MSdelay_val
0x0265	0x3000      	MOVLW      0
0x0266	0x00BD      	MOVWF      FARG_MSdelay_val+1
0x0267	0x2019      	CALL       _MSdelay
;Fire_alarm.c,185 :: 		}
L_end_LCD_command:
0x0268	0x0008      	RETURN
; end of _LCD_command
_LCD_String:
;Fire_alarm.c,205 :: 		void LCD_String (unsigned char *str) // Send string to LCD function */
;Fire_alarm.c,207 :: 		while((*str)!=0)
L_LCD_String16:
0x0269	0x1683      	BSF        STATUS, 5
0x026A	0x1303      	BCF        STATUS, 6
0x026B	0x083A      	MOVF       FARG_LCD_String_str, 0
0x026C	0x0084      	MOVWF      FSR
0x026D	0x0800      	MOVF       INDF, 0
0x026E	0x3A00      	XORLW      0
0x026F	0x1903      	BTFSC      STATUS, 2
0x0270	0x2A78      	GOTO       L_LCD_String17
;Fire_alarm.c,209 :: 		LCD_Char(*str);
0x0271	0x083A      	MOVF       FARG_LCD_String_str, 0
0x0272	0x0084      	MOVWF      FSR
0x0273	0x0800      	MOVF       INDF, 0
0x0274	0x00BB      	MOVWF      FARG_LCD_Char_chardata
0x0275	0x203A      	CALL       _LCD_Char
;Fire_alarm.c,210 :: 		str++;
0x0276	0x0ABA      	INCF       FARG_LCD_String_str, 1
;Fire_alarm.c,211 :: 		}
0x0277	0x2A69      	GOTO       L_LCD_String16
L_LCD_String17:
;Fire_alarm.c,212 :: 		}
L_end_LCD_String:
0x0278	0x0008      	RETURN
; end of _LCD_String
_UART_RxChar:
;Fire_alarm.c,251 :: 		char UART_RxChar()
;Fire_alarm.c,253 :: 		while(!(PIR1 & 0xDF));    // Wait till the data is received
L_UART_RxChar24:
0x0279	0x30DF      	MOVLW      223
0x027A	0x1283      	BCF        STATUS, 5
0x027B	0x1303      	BCF        STATUS, 6
0x027C	0x050C      	ANDWF      PIR1, 0
0x027D	0x00F0      	MOVWF      R0
0x027E	0x1D03      	BTFSS      STATUS, 2
0x027F	0x2A81      	GOTO       L_UART_RxChar25
0x0280	0x2A79      	GOTO       L_UART_RxChar24
L_UART_RxChar25:
;Fire_alarm.c,254 :: 		PIR1 = PIR1 & 0xDF;            // Clear receiver flag
0x0281	0x30DF      	MOVLW      223
0x0282	0x058C      	ANDWF      PIR1, 1
;Fire_alarm.c,255 :: 		return(RCREG);     // Return the received data to calling function
0x0283	0x081A      	MOVF       RCREG, 0
0x0284	0x00F0      	MOVWF      R0
;Fire_alarm.c,256 :: 		}
L_end_UART_RxChar:
0x0285	0x0008      	RETURN
; end of _UART_RxChar
_LCD_Clear:
;Fire_alarm.c,230 :: 		void LCD_Clear()
;Fire_alarm.c,232 :: 		LCD_Command(0x01);  //clear display screen/
0x0286	0x3001      	MOVLW      1
0x0287	0x1683      	BSF        STATUS, 5
0x0288	0x1303      	BCF        STATUS, 6
0x0289	0x00BA      	MOVWF      FARG_LCD_command_cmnd
0x028A	0x2235      	CALL       _LCD_command
;Fire_alarm.c,233 :: 		MSdelay(3);
0x028B	0x3003      	MOVLW      3
0x028C	0x00BC      	MOVWF      FARG_MSdelay_val
0x028D	0x3000      	MOVLW      0
0x028E	0x00BD      	MOVWF      FARG_MSdelay_val+1
0x028F	0x2019      	CALL       _MSdelay
;Fire_alarm.c,234 :: 		}
L_end_LCD_Clear:
0x0290	0x0008      	RETURN
; end of _LCD_Clear
_LCD_String_xy:
;Fire_alarm.c,187 :: 		void LCD_String_xy (unsigned char row,unsigned char pos,unsigned char *str) //Send string to LCD function */
;Fire_alarm.c,189 :: 		location=0;
0x0291	0x1683      	BSF        STATUS, 5
0x0292	0x1303      	BCF        STATUS, 6
0x0293	0x01A9      	CLRF       _location
;Fire_alarm.c,190 :: 		if(row<=1)
0x0294	0x0835      	MOVF       FARG_LCD_String_xy_row, 0
0x0295	0x3C01      	SUBLW      1
0x0296	0x1C03      	BTFSS      STATUS, 0
0x0297	0x2AA2      	GOTO       L_LCD_String_xy14
;Fire_alarm.c,192 :: 		location=(0x80) | ((pos) & 0x0f);  //Print message on 1st row and desired location/
0x0298	0x300F      	MOVLW      15
0x0299	0x0536      	ANDWF      FARG_LCD_String_xy_pos, 0
0x029A	0x00F0      	MOVWF      R0
0x029B	0x17F0      	BSF        R0, 7
0x029C	0x0870      	MOVF       R0, 0
0x029D	0x00A9      	MOVWF      _location
;Fire_alarm.c,193 :: 		LCD_Command(location);
0x029E	0x0870      	MOVF       R0, 0
0x029F	0x00BA      	MOVWF      FARG_LCD_command_cmnd
0x02A0	0x2235      	CALL       _LCD_command
;Fire_alarm.c,194 :: 		}
0x02A1	0x2AAC      	GOTO       L_LCD_String_xy15
L_LCD_String_xy14:
;Fire_alarm.c,197 :: 		location=(0xC0) | ((pos) & 0x0f);  //Print message on 2nd row and desired location/
0x02A2	0x300F      	MOVLW      15
0x02A3	0x0536      	ANDWF      FARG_LCD_String_xy_pos, 0
0x02A4	0x00F0      	MOVWF      R0
0x02A5	0x30C0      	MOVLW      192
0x02A6	0x04F0      	IORWF      R0, 1
0x02A7	0x0870      	MOVF       R0, 0
0x02A8	0x00A9      	MOVWF      _location
;Fire_alarm.c,198 :: 		LCD_Command(location);
0x02A9	0x0870      	MOVF       R0, 0
0x02AA	0x00BA      	MOVWF      FARG_LCD_command_cmnd
0x02AB	0x2235      	CALL       _LCD_command
;Fire_alarm.c,199 :: 		}
L_LCD_String_xy15:
;Fire_alarm.c,201 :: 		LCD_String(str);
0x02AC	0x0837      	MOVF       FARG_LCD_String_xy_str, 0
0x02AD	0x00BA      	MOVWF      FARG_LCD_String_str
0x02AE	0x2269      	CALL       _LCD_String
;Fire_alarm.c,203 :: 		}
L_end_LCD_String_xy:
0x02AF	0x0008      	RETURN
; end of _LCD_String_xy
_WordToStr:
;__Lib_Conversions.c,98 :: 		
;__Lib_Conversions.c,103 :: 		
0x02B0	0x1683      	BSF        STATUS, 5
0x02B1	0x1303      	BCF        STATUS, 6
0x02B2	0x01B8      	CLRF       WordToStr_len_L0
L_WordToStr11:
0x02B3	0x3005      	MOVLW      5
0x02B4	0x0238      	SUBWF      WordToStr_len_L0, 0
0x02B5	0x1803      	BTFSC      STATUS, 0
0x02B6	0x2ABE      	GOTO       L_WordToStr12
;__Lib_Conversions.c,104 :: 		
0x02B7	0x0838      	MOVF       WordToStr_len_L0, 0
0x02B8	0x0737      	ADDWF      FARG_WordToStr_output, 0
0x02B9	0x0084      	MOVWF      FSR
0x02BA	0x3020      	MOVLW      32
0x02BB	0x0080      	MOVWF      INDF
;__Lib_Conversions.c,103 :: 		
0x02BC	0x0AB8      	INCF       WordToStr_len_L0, 1
;__Lib_Conversions.c,104 :: 		
0x02BD	0x2AB3      	GOTO       L_WordToStr11
L_WordToStr12:
;__Lib_Conversions.c,105 :: 		
0x02BE	0x0838      	MOVF       WordToStr_len_L0, 0
0x02BF	0x0737      	ADDWF      FARG_WordToStr_output, 0
0x02C0	0x0084      	MOVWF      FSR
0x02C1	0x0180      	CLRF       INDF
0x02C2	0x03B8      	DECF       WordToStr_len_L0, 1
;__Lib_Conversions.c,107 :: 		
L_WordToStr14:
;__Lib_Conversions.c,108 :: 		
0x02C3	0x0838      	MOVF       WordToStr_len_L0, 0
0x02C4	0x0737      	ADDWF      FARG_WordToStr_output, 0
0x02C5	0x00B9      	MOVWF      FLOC__WordToStr
0x02C6	0x300A      	MOVLW      10
0x02C7	0x00F4      	MOVWF      R4
0x02C8	0x01F5      	CLRF       R4+1
0x02C9	0x0835      	MOVF       FARG_WordToStr_input, 0
0x02CA	0x00F0      	MOVWF      R0
0x02CB	0x0836      	MOVF       FARG_WordToStr_input+1, 0
0x02CC	0x00F1      	MOVWF      R0+1
0x02CD	0x206E      	CALL       _Div_16X16_U
0x02CE	0x0878      	MOVF       R8, 0
0x02CF	0x00F0      	MOVWF      R0
0x02D0	0x0879      	MOVF       R8+1, 0
0x02D1	0x00F1      	MOVWF      R0+1
0x02D2	0x3030      	MOVLW      48
0x02D3	0x07F0      	ADDWF      R0, 1
0x02D4	0x1683      	BSF        STATUS, 5
0x02D5	0x0839      	MOVF       FLOC__WordToStr, 0
0x02D6	0x0084      	MOVWF      FSR
0x02D7	0x0870      	MOVF       R0, 0
0x02D8	0x0080      	MOVWF      INDF
;__Lib_Conversions.c,109 :: 		
0x02D9	0x300A      	MOVLW      10
0x02DA	0x00F4      	MOVWF      R4
0x02DB	0x01F5      	CLRF       R4+1
0x02DC	0x0835      	MOVF       FARG_WordToStr_input, 0
0x02DD	0x00F0      	MOVWF      R0
0x02DE	0x0836      	MOVF       FARG_WordToStr_input+1, 0
0x02DF	0x00F1      	MOVWF      R0+1
0x02E0	0x206E      	CALL       _Div_16X16_U
0x02E1	0x0870      	MOVF       R0, 0
0x02E2	0x1683      	BSF        STATUS, 5
0x02E3	0x00B5      	MOVWF      FARG_WordToStr_input
0x02E4	0x0871      	MOVF       R0+1, 0
0x02E5	0x00B6      	MOVWF      FARG_WordToStr_input+1
;__Lib_Conversions.c,110 :: 		
0x02E6	0x3000      	MOVLW      0
0x02E7	0x0671      	XORWF      R0+1, 0
0x02E8	0x1D03      	BTFSS      STATUS, 2
0x02E9	0x2AEC      	GOTO       L__WordToStr379
0x02EA	0x3000      	MOVLW      0
0x02EB	0x0670      	XORWF      R0, 0
L__WordToStr379:
0x02EC	0x1D03      	BTFSS      STATUS, 2
0x02ED	0x2AEF      	GOTO       L_WordToStr16
;__Lib_Conversions.c,111 :: 		
0x02EE	0x2AF1      	GOTO       L_WordToStr15
L_WordToStr16:
;__Lib_Conversions.c,112 :: 		
0x02EF	0x03B8      	DECF       WordToStr_len_L0, 1
;__Lib_Conversions.c,113 :: 		
0x02F0	0x2AC3      	GOTO       L_WordToStr14
L_WordToStr15:
;__Lib_Conversions.c,114 :: 		
L_end_WordToStr:
0x02F1	0x0008      	RETURN
; end of _WordToStr
_read_temp:
;Fire_alarm.c,17 :: 		unsigned int read_temp(void){
;Fire_alarm.c,19 :: 		ADCON0 = ADCON0 | 0x04;// GO
0x02F2	0x1283      	BCF        STATUS, 5
0x02F3	0x1303      	BCF        STATUS, 6
0x02F4	0x151F      	BSF        ADCON0, 2
;Fire_alarm.c,20 :: 		while( ADCON0 & 0x04);
L_read_temp0:
0x02F5	0x1D1F      	BTFSS      ADCON0, 2
0x02F6	0x2AF8      	GOTO       L_read_temp1
0x02F7	0x2AF5      	GOTO       L_read_temp0
L_read_temp1:
;Fire_alarm.c,21 :: 		read=(ADRESH<<8)| ADRESL;
0x02F8	0x081E      	MOVF       ADRESH, 0
0x02F9	0x00F1      	MOVWF      R0+1
0x02FA	0x01F0      	CLRF       R0
0x02FB	0x1683      	BSF        STATUS, 5
0x02FC	0x081E      	MOVF       ADRESL, 0
0x02FD	0x04F0      	IORWF      R0, 1
0x02FE	0x3000      	MOVLW      0
0x02FF	0x04F1      	IORWF      R0+1, 1
;Fire_alarm.c,22 :: 		return (read*500)/1023;
0x0300	0x30F4      	MOVLW      244
0x0301	0x00F4      	MOVWF      R4
0x0302	0x3001      	MOVLW      1
0x0303	0x00F5      	MOVWF      R4+1
0x0304	0x2092      	CALL       _Mul_16X16_U
0x0305	0x30FF      	MOVLW      255
0x0306	0x00F4      	MOVWF      R4
0x0307	0x3003      	MOVLW      3
0x0308	0x00F5      	MOVWF      R4+1
0x0309	0x206E      	CALL       _Div_16X16_U
;Fire_alarm.c,23 :: 		}
L_end_read_temp:
0x030A	0x0008      	RETURN
; end of _read_temp
___CC2DW:
;__Lib_System.c,134 :: 		
;__Lib_System.c,137 :: 		
_CC2D_Loop1:
;__Lib_System.c,139 :: 		
0x030B	0x208B      	CALL       _____DoICP
0x030C	0x118A      	BCF        PCLATH, 3
0x030D	0x120A      	BCF        PCLATH, 4
;__Lib_System.c,141 :: 		
0x030E	0x0080      	MOVWF      INDF
;__Lib_System.c,142 :: 		
0x030F	0x0A84      	INCF       FSR, 1
;__Lib_System.c,143 :: 		
0x0310	0x0AAA      	INCF       ___DoICPAddr, 1
;__Lib_System.c,145 :: 		
0x0311	0x1903      	BTFSC      STATUS, 2
;__Lib_System.c,146 :: 		
0x0312	0x0AAB      	INCF       ___DoICPAddr+1, 1
;__Lib_System.c,147 :: 		
0x0313	0x03F0      	DECF       R0, 1
;__Lib_System.c,149 :: 		
0x0314	0x1D03      	BTFSS      STATUS, 2
;__Lib_System.c,150 :: 		
0x0315	0x2B0B      	GOTO       _CC2D_Loop1
;__Lib_System.c,152 :: 		
L_end___CC2DW:
0x0316	0x0008      	RETURN
; end of ___CC2DW
_ADC_init:
;Fire_alarm.c,11 :: 		void ADC_init(void){
;Fire_alarm.c,12 :: 		ADCON1=0xCE;//Right Justify, Fosc/16, AN0 other PORTA and PORTE are digital
0x0317	0x30CE      	MOVLW      206
0x0318	0x1683      	BSF        STATUS, 5
0x0319	0x1303      	BCF        STATUS, 6
0x031A	0x009F      	MOVWF      ADCON1
;Fire_alarm.c,13 :: 		ADCON0= 0x41;// ADC ON, Channel 0, Fosc/16
0x031B	0x3041      	MOVLW      65
0x031C	0x1283      	BCF        STATUS, 5
0x031D	0x009F      	MOVWF      ADCON0
;Fire_alarm.c,14 :: 		TRISA=0x01;
0x031E	0x3001      	MOVLW      1
0x031F	0x1683      	BSF        STATUS, 5
0x0320	0x0085      	MOVWF      TRISA
;Fire_alarm.c,16 :: 		}
L_end_ADC_init:
0x0321	0x0008      	RETURN
; end of _ADC_init
_UART_Init:
;Fire_alarm.c,244 :: 		void UART_Init(int baudRate)
;Fire_alarm.c,246 :: 		TRISC=0xC0;            // Configure Rx pin as input and Tx as output
0x0322	0x30C0      	MOVLW      192
0x0323	0x1683      	BSF        STATUS, 5
0x0324	0x1303      	BCF        STATUS, 6
0x0325	0x0087      	MOVWF      TRISC
;Fire_alarm.c,247 :: 		TXSTA=(1<<5);  // Asynchronous mode, 8-bit data & enable transmitter
0x0326	0x3020      	MOVLW      32
0x0327	0x0098      	MOVWF      TXSTA
;Fire_alarm.c,248 :: 		RCSTA=(1<<7) | (1<<4);  // Enable Serial Port and 8-bit continuous receive
0x0328	0x3090      	MOVLW      144
0x0329	0x1283      	BCF        STATUS, 5
0x032A	0x0098      	MOVWF      RCSTA
;Fire_alarm.c,249 :: 		SPBRG = (8000000UL/(long)(64UL*baudRate))-1;      // 96000 baud rate @8Mhz Clock
0x032B	0x3006      	MOVLW      6
0x032C	0x00F0      	MOVWF      R0
0x032D	0x1683      	BSF        STATUS, 5
0x032E	0x0835      	MOVF       FARG_UART_Init_baudRate, 0
0x032F	0x00F4      	MOVWF      R4
0x0330	0x0836      	MOVF       FARG_UART_Init_baudRate+1, 0
0x0331	0x00F5      	MOVWF      R4+1
0x0332	0x3000      	MOVLW      0
0x0333	0x1BF5      	BTFSC      R4+1, 7
0x0334	0x30FF      	MOVLW      255
0x0335	0x00F6      	MOVWF      R4+2
0x0336	0x00F7      	MOVWF      R4+3
0x0337	0x0870      	MOVF       R0, 0
L__UART_Init41:
0x0338	0x1903      	BTFSC      STATUS, 2
0x0339	0x2B41      	GOTO       L__UART_Init42
0x033A	0x0DF4      	RLF        R4, 1
0x033B	0x0DF5      	RLF        R4+1, 1
0x033C	0x0DF6      	RLF        R4+2, 1
0x033D	0x0DF7      	RLF        R4+3, 1
0x033E	0x1074      	BCF        R4, 0
0x033F	0x3EFF      	ADDLW      255
0x0340	0x2B38      	GOTO       L__UART_Init41
L__UART_Init42:
0x0341	0x3000      	MOVLW      0
0x0342	0x00F0      	MOVWF      R0
0x0343	0x3012      	MOVLW      18
0x0344	0x00F1      	MOVWF      R0+1
0x0345	0x307A      	MOVLW      122
0x0346	0x00F2      	MOVWF      R0+2
0x0347	0x3000      	MOVLW      0
0x0348	0x00F3      	MOVWF      R0+3
0x0349	0x20BD      	CALL       _Div_32x32_U
0x034A	0x0370      	DECF       R0, 0
0x034B	0x1683      	BSF        STATUS, 5
0x034C	0x0099      	MOVWF      SPBRG
;Fire_alarm.c,250 :: 		}
L_end_UART_Init:
0x034D	0x0008      	RETURN
; end of _UART_Init
_LCD_Initialize:
;Fire_alarm.c,161 :: 		void LCD_Initialize () /* LCD Initialize function */
;Fire_alarm.c,163 :: 		LCD_Port = 0x00;       //PORT as Output Port/
0x034E	0x1683      	BSF        STATUS, 5
0x034F	0x1303      	BCF        STATUS, 6
0x0350	0x0188      	CLRF       TRISD
;Fire_alarm.c,164 :: 		delay_ms(20);        //15ms,16x2 LCD Power on delay/
0x0351	0x3034      	MOVLW      52
0x0352	0x00FC      	MOVWF      R12
0x0353	0x30F1      	MOVLW      241
0x0354	0x00FD      	MOVWF      R13
L_LCD_Initialize13:
0x0355	0x0BFD      	DECFSZ     R13, 1
0x0356	0x2B55      	GOTO       L_LCD_Initialize13
0x0357	0x0BFC      	DECFSZ     R12, 1
0x0358	0x2B55      	GOTO       L_LCD_Initialize13
0x0359	0x0000      	NOP
0x035A	0x0000      	NOP
;Fire_alarm.c,165 :: 		LCD_Command(0x02);  /*send for initialization of LCD for nibble (4-bit) mode */
0x035B	0x3002      	MOVLW      2
0x035C	0x00BA      	MOVWF      FARG_LCD_command_cmnd
0x035D	0x2235      	CALL       _LCD_command
;Fire_alarm.c,166 :: 		LCD_Command(0x28);  //use 2 line and initialize 5*8 matrix in (4-bit mode)/
0x035E	0x3028      	MOVLW      40
0x035F	0x00BA      	MOVWF      FARG_LCD_command_cmnd
0x0360	0x2235      	CALL       _LCD_command
;Fire_alarm.c,167 :: 		LCD_Command(0x01);  //clear display screen/
0x0361	0x3001      	MOVLW      1
0x0362	0x00BA      	MOVWF      FARG_LCD_command_cmnd
0x0363	0x2235      	CALL       _LCD_command
;Fire_alarm.c,168 :: 		LCD_Command(0x0c);  //display on cursor off/
0x0364	0x300C      	MOVLW      12
0x0365	0x00BA      	MOVWF      FARG_LCD_command_cmnd
0x0366	0x2235      	CALL       _LCD_command
;Fire_alarm.c,169 :: 		LCD_Command(0x06);  //increment cursor (shift cursor to right)/
0x0367	0x3006      	MOVLW      6
0x0368	0x00BA      	MOVWF      FARG_LCD_command_cmnd
0x0369	0x2235      	CALL       _LCD_command
;Fire_alarm.c,170 :: 		}
L_end_LCD_Initialize:
0x036A	0x0008      	RETURN
; end of _LCD_Initialize
_main:
0x036B	0x24EA      	CALL       1258
;Fire_alarm.c,55 :: 		void main()
;Fire_alarm.c,57 :: 		UART_Init(9600);
0x036C	0x3080      	MOVLW      128
0x036D	0x1683      	BSF        STATUS, 5
0x036E	0x1303      	BCF        STATUS, 6
0x036F	0x00B5      	MOVWF      FARG_UART_Init_baudRate
0x0370	0x3025      	MOVLW      37
0x0371	0x00B6      	MOVWF      FARG_UART_Init_baudRate+1
0x0372	0x2322      	CALL       _UART_Init
;Fire_alarm.c,58 :: 		delay_ms(100);
0x0373	0x3002      	MOVLW      2
0x0374	0x00FB      	MOVWF      R11
0x0375	0x3004      	MOVLW      4
0x0376	0x00FC      	MOVWF      R12
0x0377	0x30BA      	MOVLW      186
0x0378	0x00FD      	MOVWF      R13
L_main2:
0x0379	0x0BFD      	DECFSZ     R13, 1
0x037A	0x2B79      	GOTO       L_main2
0x037B	0x0BFC      	DECFSZ     R12, 1
0x037C	0x2B79      	GOTO       L_main2
0x037D	0x0BFB      	DECFSZ     R11, 1
0x037E	0x2B79      	GOTO       L_main2
0x037F	0x0000      	NOP
;Fire_alarm.c,59 :: 		LCD_Initialize();
0x0380	0x234E      	CALL       _LCD_Initialize
;Fire_alarm.c,60 :: 		INTCON = 0X90;
0x0381	0x3090      	MOVLW      144
0x0382	0x008B      	MOVWF      INTCON
;Fire_alarm.c,61 :: 		LCD_Initialize();
0x0383	0x234E      	CALL       _LCD_Initialize
;Fire_alarm.c,62 :: 		ADC_init();
0x0384	0x2317      	CALL       _ADC_init
;Fire_alarm.c,63 :: 		LCD_String_xy(1,0,"LOADING SYS...");
0x0385	0x3001      	MOVLW      1
0x0386	0x00B5      	MOVWF      FARG_LCD_String_xy_row
0x0387	0x01B6      	CLRF       FARG_LCD_String_xy_pos
0x0388	0x3021      	MOVLW      ?lstr1_Fire_alarm
0x0389	0x00B7      	MOVWF      FARG_LCD_String_xy_str
0x038A	0x2291      	CALL       _LCD_String_xy
;Fire_alarm.c,64 :: 		MSdelay(1000);
0x038B	0x30E8      	MOVLW      232
0x038C	0x00BC      	MOVWF      FARG_MSdelay_val
0x038D	0x3003      	MOVLW      3
0x038E	0x00BD      	MOVWF      FARG_MSdelay_val+1
0x038F	0x2019      	CALL       _MSdelay
;Fire_alarm.c,65 :: 		pump = "k";
0x0390	0x30E7      	MOVLW      ?lstr_2_Fire_alarm
0x0391	0x00A6      	MOVWF      _pump
;Fire_alarm.c,67 :: 		while(1)
L_main3:
;Fire_alarm.c,69 :: 		if(flag == 1){
0x0392	0x1283      	BCF        STATUS, 5
0x0393	0x0830      	MOVF       _flag, 0
0x0394	0x3A01      	XORLW      1
0x0395	0x1D03      	BTFSS      STATUS, 2
0x0396	0x2BB0      	GOTO       L_main5
;Fire_alarm.c,70 :: 		LCD_Clear();
0x0397	0x2286      	CALL       _LCD_Clear
;Fire_alarm.c,71 :: 		LCD_String_xy(1,0,"WARNING!");
0x0398	0x3001      	MOVLW      1
0x0399	0x00B5      	MOVWF      FARG_LCD_String_xy_row
0x039A	0x01B6      	CLRF       FARG_LCD_String_xy_pos
0x039B	0x3031      	MOVLW      ?lstr3_Fire_alarm
0x039C	0x00B7      	MOVWF      FARG_LCD_String_xy_str
0x039D	0x2291      	CALL       _LCD_String_xy
;Fire_alarm.c,72 :: 		MSdelay(500);
0x039E	0x30F4      	MOVLW      244
0x039F	0x00BC      	MOVWF      FARG_MSdelay_val
0x03A0	0x3001      	MOVLW      1
0x03A1	0x00BD      	MOVWF      FARG_MSdelay_val+1
0x03A2	0x2019      	CALL       _MSdelay
;Fire_alarm.c,73 :: 		PORTC = PORTC | 0X0E;
0x03A3	0x300E      	MOVLW      14
0x03A4	0x1283      	BCF        STATUS, 5
0x03A5	0x0487      	IORWF      PORTC, 1
;Fire_alarm.c,74 :: 		MSdelay(5000);
0x03A6	0x3088      	MOVLW      136
0x03A7	0x1683      	BSF        STATUS, 5
0x03A8	0x00BC      	MOVWF      FARG_MSdelay_val
0x03A9	0x3013      	MOVLW      19
0x03AA	0x00BD      	MOVWF      FARG_MSdelay_val+1
0x03AB	0x2019      	CALL       _MSdelay
;Fire_alarm.c,75 :: 		PORTC = PORTC & 0XF1;
0x03AC	0x30F1      	MOVLW      241
0x03AD	0x1283      	BCF        STATUS, 5
0x03AE	0x0587      	ANDWF      PORTC, 1
;Fire_alarm.c,76 :: 		flag = 0;
0x03AF	0x01B0      	CLRF       _flag
;Fire_alarm.c,77 :: 		}
L_main5:
;Fire_alarm.c,78 :: 		temp = read_temp();
0x03B0	0x22F2      	CALL       _read_temp
0x03B1	0x0870      	MOVF       R0, 0
0x03B2	0x1683      	BSF        STATUS, 5
0x03B3	0x00B2      	MOVWF      _temp
;Fire_alarm.c,79 :: 		temp = temp + 1;
0x03B4	0x0AF0      	INCF       R0, 1
0x03B5	0x0870      	MOVF       R0, 0
0x03B6	0x00B2      	MOVWF      _temp
;Fire_alarm.c,80 :: 		WordToStr(temp,temp_val);
0x03B7	0x0870      	MOVF       R0, 0
0x03B8	0x00B5      	MOVWF      FARG_WordToStr_input
0x03B9	0x01B6      	CLRF       FARG_WordToStr_input+1
0x03BA	0x30AC      	MOVLW      _temp_val
0x03BB	0x00B7      	MOVWF      FARG_WordToStr_output
0x03BC	0x22B0      	CALL       _WordToStr
;Fire_alarm.c,81 :: 		MSdelay(1000);
0x03BD	0x30E8      	MOVLW      232
0x03BE	0x00BC      	MOVWF      FARG_MSdelay_val
0x03BF	0x3003      	MOVLW      3
0x03C0	0x00BD      	MOVWF      FARG_MSdelay_val+1
0x03C1	0x2019      	CALL       _MSdelay
;Fire_alarm.c,82 :: 		LCD_Clear();
0x03C2	0x2286      	CALL       _LCD_Clear
;Fire_alarm.c,83 :: 		LCD_String_xy(1,0,"Temp:");
0x03C3	0x3001      	MOVLW      1
0x03C4	0x00B5      	MOVWF      FARG_LCD_String_xy_row
0x03C5	0x01B6      	CLRF       FARG_LCD_String_xy_pos
0x03C6	0x30A0      	MOVLW      ?lstr4_Fire_alarm
0x03C7	0x00B7      	MOVWF      FARG_LCD_String_xy_str
0x03C8	0x2291      	CALL       _LCD_String_xy
;Fire_alarm.c,84 :: 		LCD_String_xy(1,5,temp_val);
0x03C9	0x3001      	MOVLW      1
0x03CA	0x00B5      	MOVWF      FARG_LCD_String_xy_row
0x03CB	0x3005      	MOVLW      5
0x03CC	0x00B6      	MOVWF      FARG_LCD_String_xy_pos
0x03CD	0x30AC      	MOVLW      _temp_val
0x03CE	0x00B7      	MOVWF      FARG_LCD_String_xy_str
0x03CF	0x2291      	CALL       _LCD_String_xy
;Fire_alarm.c,85 :: 		MSdelay(1500);
0x03D0	0x30DC      	MOVLW      220
0x03D1	0x00BC      	MOVWF      FARG_MSdelay_val
0x03D2	0x3005      	MOVLW      5
0x03D3	0x00BD      	MOVWF      FARG_MSdelay_val+1
0x03D4	0x2019      	CALL       _MSdelay
;Fire_alarm.c,87 :: 		if (temp >= 31){
0x03D5	0x301F      	MOVLW      31
0x03D6	0x0232      	SUBWF      _temp, 0
0x03D7	0x1C03      	BTFSS      STATUS, 0
0x03D8	0x2BF1      	GOTO       L_main6
;Fire_alarm.c,88 :: 		LCD_Clear();
0x03D9	0x2286      	CALL       _LCD_Clear
;Fire_alarm.c,89 :: 		LCD_String_xy(1,0,"HIGH TEMP!");
0x03DA	0x3001      	MOVLW      1
0x03DB	0x00B5      	MOVWF      FARG_LCD_String_xy_row
0x03DC	0x01B6      	CLRF       FARG_LCD_String_xy_pos
0x03DD	0x3063      	MOVLW      ?lstr5_Fire_alarm
0x03DE	0x00B7      	MOVWF      FARG_LCD_String_xy_str
0x03DF	0x2291      	CALL       _LCD_String_xy
;Fire_alarm.c,90 :: 		MSdelay(500);
0x03E0	0x30F4      	MOVLW      244
0x03E1	0x00BC      	MOVWF      FARG_MSdelay_val
0x03E2	0x3001      	MOVLW      1
0x03E3	0x00BD      	MOVWF      FARG_MSdelay_val+1
0x03E4	0x2019      	CALL       _MSdelay
;Fire_alarm.c,91 :: 		PORTC = PORTC | 0X07;
0x03E5	0x3007      	MOVLW      7
0x03E6	0x1283      	BCF        STATUS, 5
0x03E7	0x0487      	IORWF      PORTC, 1
;Fire_alarm.c,92 :: 		MSdelay(5000);
0x03E8	0x3088      	MOVLW      136
0x03E9	0x1683      	BSF        STATUS, 5
0x03EA	0x00BC      	MOVWF      FARG_MSdelay_val
0x03EB	0x3013      	MOVLW      19
0x03EC	0x00BD      	MOVWF      FARG_MSdelay_val+1
0x03ED	0x2019      	CALL       _MSdelay
;Fire_alarm.c,93 :: 		PORTC = PORTC & 0XF8;
0x03EE	0x30F8      	MOVLW      248
0x03EF	0x1283      	BCF        STATUS, 5
0x03F0	0x0587      	ANDWF      PORTC, 1
;Fire_alarm.c,94 :: 		}
L_main6:
;Fire_alarm.c,95 :: 		pump = UART_RxChar();
0x03F1	0x2279      	CALL       _UART_RxChar
0x03F2	0x0870      	MOVF       R0, 0
0x03F3	0x1683      	BSF        STATUS, 5
0x03F4	0x00A6      	MOVWF      _pump
;Fire_alarm.c,96 :: 		if(pump == 'a')
0x03F5	0x0870      	MOVF       R0, 0
0x03F6	0x3A61      	XORLW      97
0x03F7	0x1D03      	BTFSS      STATUS, 2
0x03F8	0x2C11      	GOTO       L_main7
;Fire_alarm.c,98 :: 		LCD_Clear();
0x03F9	0x2286      	CALL       _LCD_Clear
;Fire_alarm.c,99 :: 		MSdelay(500);         // PORTB3 ON
0x03FA	0x30F4      	MOVLW      244
0x03FB	0x00BC      	MOVWF      FARG_MSdelay_val
0x03FC	0x3001      	MOVLW      1
0x03FD	0x00BD      	MOVWF      FARG_MSdelay_val+1
0x03FE	0x2019      	CALL       _MSdelay
;Fire_alarm.c,100 :: 		LCD_String_xy(1,5,"FAN ON");
0x03FF	0x3001      	MOVLW      1
0x0400	0x00B5      	MOVWF      FARG_LCD_String_xy_row
0x0401	0x3005      	MOVLW      5
0x0402	0x00B6      	MOVWF      FARG_LCD_String_xy_pos
0x0403	0x305C      	MOVLW      ?lstr6_Fire_alarm
0x0404	0x00B7      	MOVWF      FARG_LCD_String_xy_str
0x0405	0x2291      	CALL       _LCD_String_xy
;Fire_alarm.c,102 :: 		MSdelay(1000);
0x0406	0x30E8      	MOVLW      232
0x0407	0x00BC      	MOVWF      FARG_MSdelay_val
0x0408	0x3003      	MOVLW      3
0x0409	0x00BD      	MOVWF      FARG_MSdelay_val+1
0x040A	0x2019      	CALL       _MSdelay
;Fire_alarm.c,103 :: 		PORTC = PORTC | 0x07;
0x040B	0x3007      	MOVLW      7
0x040C	0x1283      	BCF        STATUS, 5
0x040D	0x0487      	IORWF      PORTC, 1
;Fire_alarm.c,104 :: 		pump = 'k';
0x040E	0x306B      	MOVLW      107
0x040F	0x1683      	BSF        STATUS, 5
0x0410	0x00A6      	MOVWF      _pump
;Fire_alarm.c,105 :: 		}
L_main7:
;Fire_alarm.c,106 :: 		if(pump == 'b')
0x0411	0x0826      	MOVF       _pump, 0
0x0412	0x3A62      	XORLW      98
0x0413	0x1D03      	BTFSS      STATUS, 2
0x0414	0x2C2D      	GOTO       L_main8
;Fire_alarm.c,108 :: 		LCD_Clear();
0x0415	0x2286      	CALL       _LCD_Clear
;Fire_alarm.c,109 :: 		MSdelay(500);
0x0416	0x30F4      	MOVLW      244
0x0417	0x00BC      	MOVWF      FARG_MSdelay_val
0x0418	0x3001      	MOVLW      1
0x0419	0x00BD      	MOVWF      FARG_MSdelay_val+1
0x041A	0x2019      	CALL       _MSdelay
;Fire_alarm.c,110 :: 		LCD_String_xy(1,5,"FAN OFF");
0x041B	0x3001      	MOVLW      1
0x041C	0x00B5      	MOVWF      FARG_LCD_String_xy_row
0x041D	0x3005      	MOVLW      5
0x041E	0x00B6      	MOVWF      FARG_LCD_String_xy_pos
0x041F	0x3042      	MOVLW      ?lstr7_Fire_alarm
0x0420	0x00B7      	MOVWF      FARG_LCD_String_xy_str
0x0421	0x2291      	CALL       _LCD_String_xy
;Fire_alarm.c,112 :: 		MSdelay(1000);
0x0422	0x30E8      	MOVLW      232
0x0423	0x00BC      	MOVWF      FARG_MSdelay_val
0x0424	0x3003      	MOVLW      3
0x0425	0x00BD      	MOVWF      FARG_MSdelay_val+1
0x0426	0x2019      	CALL       _MSdelay
;Fire_alarm.c,113 :: 		PORTC = PORTC & 0xF8;
0x0427	0x30F8      	MOVLW      248
0x0428	0x1283      	BCF        STATUS, 5
0x0429	0x0587      	ANDWF      PORTC, 1
;Fire_alarm.c,114 :: 		pump = 'k';
0x042A	0x306B      	MOVLW      107
0x042B	0x1683      	BSF        STATUS, 5
0x042C	0x00A6      	MOVWF      _pump
;Fire_alarm.c,115 :: 		}
L_main8:
;Fire_alarm.c,116 :: 		if(pump == 'c')
0x042D	0x0826      	MOVF       _pump, 0
0x042E	0x3A63      	XORLW      99
0x042F	0x1D03      	BTFSS      STATUS, 2
0x0430	0x2C49      	GOTO       L_main9
;Fire_alarm.c,118 :: 		LCD_Clear();
0x0431	0x2286      	CALL       _LCD_Clear
;Fire_alarm.c,119 :: 		MSdelay(500);
0x0432	0x30F4      	MOVLW      244
0x0433	0x00BC      	MOVWF      FARG_MSdelay_val
0x0434	0x3001      	MOVLW      1
0x0435	0x00BD      	MOVWF      FARG_MSdelay_val+1
0x0436	0x2019      	CALL       _MSdelay
;Fire_alarm.c,120 :: 		LCD_String_xy(1,5,"PUMP ON");
0x0437	0x3001      	MOVLW      1
0x0438	0x00B5      	MOVWF      FARG_LCD_String_xy_row
0x0439	0x3005      	MOVLW      5
0x043A	0x00B6      	MOVWF      FARG_LCD_String_xy_pos
0x043B	0x303A      	MOVLW      ?lstr8_Fire_alarm
0x043C	0x00B7      	MOVWF      FARG_LCD_String_xy_str
0x043D	0x2291      	CALL       _LCD_String_xy
;Fire_alarm.c,122 :: 		MSdelay(1000);
0x043E	0x30E8      	MOVLW      232
0x043F	0x00BC      	MOVWF      FARG_MSdelay_val
0x0440	0x3003      	MOVLW      3
0x0441	0x00BD      	MOVWF      FARG_MSdelay_val+1
0x0442	0x2019      	CALL       _MSdelay
;Fire_alarm.c,123 :: 		PORTC = PORTC | 0X0E;
0x0443	0x300E      	MOVLW      14
0x0444	0x1283      	BCF        STATUS, 5
0x0445	0x0487      	IORWF      PORTC, 1
;Fire_alarm.c,124 :: 		pump = 'k';
0x0446	0x306B      	MOVLW      107
0x0447	0x1683      	BSF        STATUS, 5
0x0448	0x00A6      	MOVWF      _pump
;Fire_alarm.c,125 :: 		}
L_main9:
;Fire_alarm.c,127 :: 		if(pump == 'd')
0x0449	0x0826      	MOVF       _pump, 0
0x044A	0x3A64      	XORLW      100
0x044B	0x1D03      	BTFSS      STATUS, 2
0x044C	0x2C65      	GOTO       L_main10
;Fire_alarm.c,129 :: 		LCD_Clear();
0x044D	0x2286      	CALL       _LCD_Clear
;Fire_alarm.c,130 :: 		MSdelay(500);
0x044E	0x30F4      	MOVLW      244
0x044F	0x00BC      	MOVWF      FARG_MSdelay_val
0x0450	0x3001      	MOVLW      1
0x0451	0x00BD      	MOVWF      FARG_MSdelay_val+1
0x0452	0x2019      	CALL       _MSdelay
;Fire_alarm.c,131 :: 		LCD_String_xy(1,5,"PUMP OFF");
0x0453	0x3001      	MOVLW      1
0x0454	0x00B5      	MOVWF      FARG_LCD_String_xy_row
0x0455	0x3005      	MOVLW      5
0x0456	0x00B6      	MOVWF      FARG_LCD_String_xy_pos
0x0457	0x3053      	MOVLW      ?lstr9_Fire_alarm
0x0458	0x00B7      	MOVWF      FARG_LCD_String_xy_str
0x0459	0x2291      	CALL       _LCD_String_xy
;Fire_alarm.c,133 :: 		MSdelay(1000);
0x045A	0x30E8      	MOVLW      232
0x045B	0x00BC      	MOVWF      FARG_MSdelay_val
0x045C	0x3003      	MOVLW      3
0x045D	0x00BD      	MOVWF      FARG_MSdelay_val+1
0x045E	0x2019      	CALL       _MSdelay
;Fire_alarm.c,134 :: 		PORTC = PORTC & 0XF1;
0x045F	0x30F1      	MOVLW      241
0x0460	0x1283      	BCF        STATUS, 5
0x0461	0x0587      	ANDWF      PORTC, 1
;Fire_alarm.c,135 :: 		pump = 'k';
0x0462	0x306B      	MOVLW      107
0x0463	0x1683      	BSF        STATUS, 5
0x0464	0x00A6      	MOVWF      _pump
;Fire_alarm.c,136 :: 		}
L_main10:
;Fire_alarm.c,137 :: 		if(flag == 1)
0x0465	0x1283      	BCF        STATUS, 5
0x0466	0x0830      	MOVF       _flag, 0
0x0467	0x3A01      	XORLW      1
0x0468	0x1D03      	BTFSS      STATUS, 2
0x0469	0x2C83      	GOTO       L_main11
;Fire_alarm.c,139 :: 		LCD_Clear();
0x046A	0x2286      	CALL       _LCD_Clear
;Fire_alarm.c,140 :: 		LCD_String_xy(1,0,"WARNING!");
0x046B	0x3001      	MOVLW      1
0x046C	0x00B5      	MOVWF      FARG_LCD_String_xy_row
0x046D	0x01B6      	CLRF       FARG_LCD_String_xy_pos
0x046E	0x304A      	MOVLW      ?lstr10_Fire_alarm
0x046F	0x00B7      	MOVWF      FARG_LCD_String_xy_str
0x0470	0x2291      	CALL       _LCD_String_xy
;Fire_alarm.c,141 :: 		MSdelay(1000);
0x0471	0x30E8      	MOVLW      232
0x0472	0x00BC      	MOVWF      FARG_MSdelay_val
0x0473	0x3003      	MOVLW      3
0x0474	0x00BD      	MOVWF      FARG_MSdelay_val+1
0x0475	0x2019      	CALL       _MSdelay
;Fire_alarm.c,142 :: 		PORTC = PORTC | 0X0E;
0x0476	0x300E      	MOVLW      14
0x0477	0x1283      	BCF        STATUS, 5
0x0478	0x0487      	IORWF      PORTC, 1
;Fire_alarm.c,143 :: 		MSdelay(5000);
0x0479	0x3088      	MOVLW      136
0x047A	0x1683      	BSF        STATUS, 5
0x047B	0x00BC      	MOVWF      FARG_MSdelay_val
0x047C	0x3013      	MOVLW      19
0x047D	0x00BD      	MOVWF      FARG_MSdelay_val+1
0x047E	0x2019      	CALL       _MSdelay
;Fire_alarm.c,144 :: 		PORTC = PORTC & 0XF1;
0x047F	0x30F1      	MOVLW      241
0x0480	0x1283      	BCF        STATUS, 5
0x0481	0x0587      	ANDWF      PORTC, 1
;Fire_alarm.c,145 :: 		flag = 0;
0x0482	0x01B0      	CLRF       _flag
;Fire_alarm.c,146 :: 		}
L_main11:
;Fire_alarm.c,148 :: 		if(pump == 'k')
0x0483	0x1683      	BSF        STATUS, 5
0x0484	0x0826      	MOVF       _pump, 0
0x0485	0x3A6B      	XORLW      107
0x0486	0x1D03      	BTFSS      STATUS, 2
0x0487	0x2C8D      	GOTO       L_main12
;Fire_alarm.c,150 :: 		LCD_Clear();
0x0488	0x2286      	CALL       _LCD_Clear
;Fire_alarm.c,151 :: 		MSdelay(250);
0x0489	0x30FA      	MOVLW      250
0x048A	0x00BC      	MOVWF      FARG_MSdelay_val
0x048B	0x01BD      	CLRF       FARG_MSdelay_val+1
0x048C	0x2019      	CALL       _MSdelay
;Fire_alarm.c,152 :: 		}
L_main12:
;Fire_alarm.c,153 :: 		}
0x048D	0x2B92      	GOTO       L_main3
;Fire_alarm.c,156 :: 		}
L_end_main:
0x048E	0x2C8E      	GOTO       $+0
; end of _main
0x04EA	0x3021      	MOVLW      33
0x04EB	0x0084      	MOVWF      FSR
0x04EC	0x304D      	MOVLW      77
0x04ED	0x1283      	BCF        STATUS, 5
0x04EE	0x1303      	BCF        STATUS, 6
0x04EF	0x00F0      	MOVWF      R0
0x04F0	0x3094      	MOVLW      148
0x04F1	0x1683      	BSF        STATUS, 5
0x04F2	0x00AA      	MOVWF      ___DoICPAddr
0x04F3	0x3004      	MOVLW      4
0x04F4	0x00AB      	MOVWF      171
0x04F5	0x230B      	CALL       779
0x04F6	0x30A0      	MOVLW      160
0x04F7	0x0084      	MOVWF      FSR
0x04F8	0x3006      	MOVLW      6
0x04F9	0x1283      	BCF        STATUS, 5
0x04FA	0x1303      	BCF        STATUS, 6
0x04FB	0x00F0      	MOVWF      R0
0x04FC	0x30E1      	MOVLW      225
0x04FD	0x1683      	BSF        STATUS, 5
0x04FE	0x00AA      	MOVWF      ___DoICPAddr
0x04FF	0x3004      	MOVLW      4
0x0500	0x00AB      	MOVWF      171
0x0501	0x230B      	CALL       779
0x0502	0x0008      	RETURN
;Fire_alarm.c,0 :: ?ICS?lstr1_Fire_alarm
0x0494	0x344C ;?ICS?lstr1_Fire_alarm+0
0x0495	0x344F ;?ICS?lstr1_Fire_alarm+1
0x0496	0x3441 ;?ICS?lstr1_Fire_alarm+2
0x0497	0x3444 ;?ICS?lstr1_Fire_alarm+3
0x0498	0x3449 ;?ICS?lstr1_Fire_alarm+4
0x0499	0x344E ;?ICS?lstr1_Fire_alarm+5
0x049A	0x3447 ;?ICS?lstr1_Fire_alarm+6
0x049B	0x3420 ;?ICS?lstr1_Fire_alarm+7
0x049C	0x3453 ;?ICS?lstr1_Fire_alarm+8
0x049D	0x3459 ;?ICS?lstr1_Fire_alarm+9
0x049E	0x3453 ;?ICS?lstr1_Fire_alarm+10
0x049F	0x342E ;?ICS?lstr1_Fire_alarm+11
0x04A0	0x342E ;?ICS?lstr1_Fire_alarm+12
0x04A1	0x342E ;?ICS?lstr1_Fire_alarm+13
0x04A2	0x3400 ;?ICS?lstr1_Fire_alarm+14
; end of ?ICS?lstr1_Fire_alarm
;Fire_alarm.c,0 :: ?ICS_flag
0x04A3	0x3400 ;?ICS_flag+0
; end of ?ICS_flag
;Fire_alarm.c,0 :: ?ICS?lstr3_Fire_alarm
0x04A4	0x3457 ;?ICS?lstr3_Fire_alarm+0
0x04A5	0x3441 ;?ICS?lstr3_Fire_alarm+1
0x04A6	0x3452 ;?ICS?lstr3_Fire_alarm+2
0x04A7	0x344E ;?ICS?lstr3_Fire_alarm+3
0x04A8	0x3449 ;?ICS?lstr3_Fire_alarm+4
0x04A9	0x344E ;?ICS?lstr3_Fire_alarm+5
0x04AA	0x3447 ;?ICS?lstr3_Fire_alarm+6
0x04AB	0x3421 ;?ICS?lstr3_Fire_alarm+7
0x04AC	0x3400 ;?ICS?lstr3_Fire_alarm+8
; end of ?ICS?lstr3_Fire_alarm
;Fire_alarm.c,0 :: ?ICS?lstr8_Fire_alarm
0x04AD	0x3450 ;?ICS?lstr8_Fire_alarm+0
0x04AE	0x3455 ;?ICS?lstr8_Fire_alarm+1
0x04AF	0x344D ;?ICS?lstr8_Fire_alarm+2
0x04B0	0x3450 ;?ICS?lstr8_Fire_alarm+3
0x04B1	0x3420 ;?ICS?lstr8_Fire_alarm+4
0x04B2	0x344F ;?ICS?lstr8_Fire_alarm+5
0x04B3	0x344E ;?ICS?lstr8_Fire_alarm+6
0x04B4	0x3400 ;?ICS?lstr8_Fire_alarm+7
; end of ?ICS?lstr8_Fire_alarm
;Fire_alarm.c,0 :: ?ICS?lstr7_Fire_alarm
0x04B5	0x3446 ;?ICS?lstr7_Fire_alarm+0
0x04B6	0x3441 ;?ICS?lstr7_Fire_alarm+1
0x04B7	0x344E ;?ICS?lstr7_Fire_alarm+2
0x04B8	0x3420 ;?ICS?lstr7_Fire_alarm+3
0x04B9	0x344F ;?ICS?lstr7_Fire_alarm+4
0x04BA	0x3446 ;?ICS?lstr7_Fire_alarm+5
0x04BB	0x3446 ;?ICS?lstr7_Fire_alarm+6
0x04BC	0x3400 ;?ICS?lstr7_Fire_alarm+7
; end of ?ICS?lstr7_Fire_alarm
;Fire_alarm.c,0 :: ?ICS?lstr10_Fire_alarm
0x04BD	0x3457 ;?ICS?lstr10_Fire_alarm+0
0x04BE	0x3441 ;?ICS?lstr10_Fire_alarm+1
0x04BF	0x3452 ;?ICS?lstr10_Fire_alarm+2
0x04C0	0x344E ;?ICS?lstr10_Fire_alarm+3
0x04C1	0x3449 ;?ICS?lstr10_Fire_alarm+4
0x04C2	0x344E ;?ICS?lstr10_Fire_alarm+5
0x04C3	0x3447 ;?ICS?lstr10_Fire_alarm+6
0x04C4	0x3421 ;?ICS?lstr10_Fire_alarm+7
0x04C5	0x3400 ;?ICS?lstr10_Fire_alarm+8
; end of ?ICS?lstr10_Fire_alarm
;Fire_alarm.c,0 :: ?ICS?lstr9_Fire_alarm
0x04C6	0x3450 ;?ICS?lstr9_Fire_alarm+0
0x04C7	0x3455 ;?ICS?lstr9_Fire_alarm+1
0x04C8	0x344D ;?ICS?lstr9_Fire_alarm+2
0x04C9	0x3450 ;?ICS?lstr9_Fire_alarm+3
0x04CA	0x3420 ;?ICS?lstr9_Fire_alarm+4
0x04CB	0x344F ;?ICS?lstr9_Fire_alarm+5
0x04CC	0x3446 ;?ICS?lstr9_Fire_alarm+6
0x04CD	0x3446 ;?ICS?lstr9_Fire_alarm+7
0x04CE	0x3400 ;?ICS?lstr9_Fire_alarm+8
; end of ?ICS?lstr9_Fire_alarm
;Fire_alarm.c,0 :: ?ICS?lstr6_Fire_alarm
0x04CF	0x3446 ;?ICS?lstr6_Fire_alarm+0
0x04D0	0x3441 ;?ICS?lstr6_Fire_alarm+1
0x04D1	0x344E ;?ICS?lstr6_Fire_alarm+2
0x04D2	0x3420 ;?ICS?lstr6_Fire_alarm+3
0x04D3	0x344F ;?ICS?lstr6_Fire_alarm+4
0x04D4	0x344E ;?ICS?lstr6_Fire_alarm+5
0x04D5	0x3400 ;?ICS?lstr6_Fire_alarm+6
; end of ?ICS?lstr6_Fire_alarm
;Fire_alarm.c,0 :: ?ICS?lstr5_Fire_alarm
0x04D6	0x3448 ;?ICS?lstr5_Fire_alarm+0
0x04D7	0x3449 ;?ICS?lstr5_Fire_alarm+1
0x04D8	0x3447 ;?ICS?lstr5_Fire_alarm+2
0x04D9	0x3448 ;?ICS?lstr5_Fire_alarm+3
0x04DA	0x3420 ;?ICS?lstr5_Fire_alarm+4
0x04DB	0x3454 ;?ICS?lstr5_Fire_alarm+5
0x04DC	0x3445 ;?ICS?lstr5_Fire_alarm+6
0x04DD	0x344D ;?ICS?lstr5_Fire_alarm+7
0x04DE	0x3450 ;?ICS?lstr5_Fire_alarm+8
0x04DF	0x3421 ;?ICS?lstr5_Fire_alarm+9
0x04E0	0x3400 ;?ICS?lstr5_Fire_alarm+10
; end of ?ICS?lstr5_Fire_alarm
;Fire_alarm.c,0 :: ?ICS?lstr4_Fire_alarm
0x04E1	0x3454 ;?ICS?lstr4_Fire_alarm+0
0x04E2	0x3465 ;?ICS?lstr4_Fire_alarm+1
0x04E3	0x346D ;?ICS?lstr4_Fire_alarm+2
0x04E4	0x3470 ;?ICS?lstr4_Fire_alarm+3
0x04E5	0x343A ;?ICS?lstr4_Fire_alarm+4
0x04E6	0x3400 ;?ICS?lstr4_Fire_alarm+5
; end of ?ICS?lstr4_Fire_alarm
;Fire_alarm.c,0 :: ?lstr_2_Fire_alarm
0x04E7	0x346B ;?lstr_2_Fire_alarm+0
0x04E8	0x3400 ;?lstr_2_Fire_alarm+1
; end of ?lstr_2_Fire_alarm
Symbol List:
//** Routines locations **
//ADDRESS    SIZE    PROCEDURE
//----------------------------------------------
0x0004      [21]    _interrupt
0x0019      [33]    _MSdelay
0x003A      [52]    _LCD_Char
0x006E      [29]    _Div_16X16_U
0x008B       [7]    _____DoICP
0x0092      [43]    _Mul_16X16_U
0x00BD     [376]    _Div_32x32_U
0x0235      [52]    _LCD_command
0x0269      [16]    _LCD_String
0x0279      [13]    _UART_RxChar
0x0286      [11]    _LCD_Clear
0x0291      [31]    _LCD_String_xy
0x02B0      [66]    _WordToStr
0x02F2      [25]    _read_temp
0x030B      [12]    ___CC2DW
0x0317      [11]    _ADC_init
0x0322      [44]    _UART_Init
0x034E      [29]    _LCD_Initialize
0x036B     [291]    _main
//** Variables locations ** 
//ADDRESS    SIZE    VARIABLE
//----------------------------------------------
0x0000       [1]    INDF
0x0002       [1]    PCL
0x0003       [1]    STATUS
0x0004       [1]    FSR
0x0007       [1]    PORTC
0x0008       [0]    RD1_bit
0x0008       [1]    PORTD
0x0008       [0]    RD0_bit
0x000A       [1]    PCLATH
0x000B       [1]    INTCON
0x000C       [1]    PIR1
0x0018       [1]    RCSTA
0x001A       [1]    RCREG
0x001E       [1]    ADRESH
0x001F       [1]    ADCON0
0x0020       [1]    ___math_tempb
0x0021      [15]    ?lstr1_Fire_alarm
0x0030       [1]    _flag
0x0031       [9]    ?lstr3_Fire_alarm
0x003A       [8]    ?lstr8_Fire_alarm
0x0042       [8]    ?lstr7_Fire_alarm
0x004A       [9]    ?lstr10_Fire_alarm
0x0053       [9]    ?lstr9_Fire_alarm
0x005C       [7]    ?lstr6_Fire_alarm
0x0063      [11]    ?lstr5_Fire_alarm
0x006E       [2]    _j
0x0070       [1]    R0
0x0071       [1]    R1
0x0072       [1]    R2
0x0073       [1]    R3
0x0074       [1]    R4
0x0075       [1]    R5
0x0076       [1]    R6
0x0077       [1]    R7
0x0078       [1]    R8
0x0079       [1]    R9
0x007A       [1]    R10
0x007B       [1]    R11
0x007C       [1]    R12
0x007D       [1]    R13
0x007E       [1]    R14
0x007F       [1]    R15
0x0085       [1]    TRISA
0x0087       [1]    TRISC
0x0088       [1]    TRISD
0x0098       [1]    TXSTA
0x0099       [1]    SPBRG
0x009E       [1]    ADRESL
0x009F       [1]    ADCON1
0x00A0       [6]    ?lstr4_Fire_alarm
0x00A6       [1]    _pump
0x00A7       [2]    _i
0x00A9       [1]    _location
0x00AA       [2]    ___DoICPAddr
0x00AC       [6]    _temp_val
0x00B2       [1]    _temp
0x00B3       [1]    ___saveSTATUS
0x00B4       [1]    ___savePCLATH
0x00B5       [1]    FARG_LCD_String_xy_row
0x00B5       [2]    FARG_UART_Init_baudRate
0x00B5       [2]    FARG_WordToStr_input
0x00B6       [1]    FARG_LCD_String_xy_pos
0x00B7       [1]    FARG_WordToStr_output
0x00B7       [1]    FARG_LCD_String_xy_str
0x00B8       [1]    WordToStr_len_L0
0x00B9       [1]    FLOC__WordToStr
0x00BA       [1]    FARG_LCD_String_str
0x00BA       [1]    FARG_LCD_command_cmnd
0x00BB       [1]    FARG_LCD_Char_chardata
0x00BC       [2]    FARG_MSdelay_val
//** Constants locations ** 
//ADDRESS    SIZE    CONSTANT
//----------------------------------------------
0x0494      [15]    ?ICS?lstr1_Fire_alarm
0x04A3       [1]    ?ICS_flag
0x04A4       [9]    ?ICS?lstr3_Fire_alarm
0x04AD       [8]    ?ICS?lstr8_Fire_alarm
0x04B5       [8]    ?ICS?lstr7_Fire_alarm
0x04BD       [9]    ?ICS?lstr10_Fire_alarm
0x04C6       [9]    ?ICS?lstr9_Fire_alarm
0x04CF       [7]    ?ICS?lstr6_Fire_alarm
0x04D6      [11]    ?ICS?lstr5_Fire_alarm
0x04E1       [6]    ?ICS?lstr4_Fire_alarm
0x04E7       [2]    ?lstr_2_Fire_alarm
